{"D:\\fatawa-backend\\src\\app.controller.ts": {"path":"D:\\fatawa-backend\\src\\app.controller.ts","statementMap":{"0":{"start":{"line":1,"column":0},"end":{"line":1,"column":49}},"1":{"start":{"line":2,"column":0},"end":{"line":2,"column":43}},"2":{"start":{"line":5,"column":7},"end":{"line":12,"column":null}},"3":{"start":{"line":6,"column":31},"end":{"line":6,"column":43}},"4":{"start":{"line":10,"column":4},"end":{"line":10,"column":38}},"5":{"start":{"line":5,"column":13},"end":{"line":5,"column":26}},"6":{"start":{"line":9,"column":2},"end":{"line":11,"column":null}},"7":{"start":{"line":5,"column":13},"end":{"line":12,"column":null}}},"fnMap":{"0":{"name":"(anonymous_2)","decl":{"start":{"line":6,"column":2},"end":{"line":6,"column":31}},"loc":{"start":{"line":6,"column":53},"end":{"line":6,"column":57}}},"1":{"name":"(anonymous_3)","decl":{"start":{"line":9,"column":2},"end":{"line":9,"column":10}},"loc":{"start":{"line":9,"column":10},"end":{"line":11,"column":3}}}},"branchMap":{"0":{"loc":{"start":{"line":6,"column":43},"end":{"line":6,"column":56}},"type":"cond-expr","locations":[{"start":{"line":6,"column":53},"end":{"line":6,"column":56}},{"start":{"line":6,"column":53},"end":{"line":6,"column":56}}]},"1":{"loc":{"start":{"line":6,"column":43},"end":{"line":6,"column":53}},"type":"binary-expr","locations":[{"start":{"line":6,"column":43},"end":{"line":6,"column":56}},{"start":{"line":6,"column":43},"end":{"line":6,"column":53}}]}},"s":{"0":0,"1":0,"2":0,"3":0,"4":0,"5":0,"6":0,"7":0},"f":{"0":0,"1":0},"b":{"0":[0,0],"1":[0,0]}}
,"D:\\fatawa-backend\\src\\app.module.ts": {"path":"D:\\fatawa-backend\\src\\app.module.ts","statementMap":{"0":{"start":{"line":1,"column":0},"end":{"line":1,"column":40}},"1":{"start":{"line":2,"column":0},"end":{"line":2,"column":61}},"2":{"start":{"line":3,"column":0},"end":{"line":3,"column":43}},"3":{"start":{"line":4,"column":0},"end":{"line":4,"column":50}},"4":{"start":{"line":5,"column":0},"end":{"line":5,"column":44}},"5":{"start":{"line":6,"column":0},"end":{"line":6,"column":68}},"6":{"start":{"line":7,"column":0},"end":{"line":7,"column":41}},"7":{"start":{"line":8,"column":0},"end":{"line":8,"column":49}},"8":{"start":{"line":9,"column":0},"end":{"line":9,"column":43}},"9":{"start":{"line":10,"column":0},"end":{"line":10,"column":62}},"10":{"start":{"line":11,"column":0},"end":{"line":11,"column":62}},"11":{"start":{"line":12,"column":0},"end":{"line":12,"column":62}},"12":{"start":{"line":13,"column":0},"end":{"line":13,"column":68}},"13":{"start":{"line":14,"column":0},"end":{"line":14,"column":59}},"14":{"start":{"line":15,"column":0},"end":{"line":15,"column":56}},"15":{"start":{"line":16,"column":0},"end":{"line":16,"column":62}},"16":{"start":{"line":17,"column":0},"end":{"line":17,"column":62}},"17":{"start":{"line":19,"column":26},"end":{"line":42,"column":2}},"18":{"start":{"line":44,"column":0},"end":{"line":68,"column":1}},"19":{"start":{"line":45,"column":2},"end":{"line":67,"column":4}},"20":{"start":{"line":49,"column":19},"end":{"line":49,"column":58}},"21":{"start":{"line":50,"column":19},"end":{"line":50,"column":51}},"22":{"start":{"line":51,"column":23},"end":{"line":51,"column":51}},"23":{"start":{"line":53,"column":20},"end":{"line":53,"column":43}},"24":{"start":{"line":54,"column":8},"end":{"line":61,"column":9}},"25":{"start":{"line":55,"column":25},"end":{"line":55,"column":37}},"26":{"start":{"line":56,"column":10},"end":{"line":56,"column":33}},"27":{"start":{"line":57,"column":10},"end":{"line":57,"column":37}},"28":{"start":{"line":58,"column":10},"end":{"line":60,"column":11}},"29":{"start":{"line":59,"column":12},"end":{"line":59,"column":39}},"30":{"start":{"line":62,"column":8},"end":{"line":64,"column":10}},"31":{"start":{"line":81,"column":7},"end":{"line":81,"column":null}},"32":{"start":{"line":81,"column":13},"end":{"line":81,"column":22}},"33":{"start":{"line":81,"column":13},"end":{"line":81,"column":null}}},"fnMap":{"0":{"name":"(anonymous_1)","decl":{"start":{"line":48,"column":18},"end":{"line":48,"column":19}},"loc":{"start":{"line":48,"column":44},"end":{"line":65,"column":7}}}},"branchMap":{"0":{"loc":{"start":{"line":22,"column":17},"end":{"line":22,"column":91}},"type":"cond-expr","locations":[{"start":{"line":22,"column":40},"end":{"line":22,"column":70}},{"start":{"line":22,"column":73},"end":{"line":22,"column":91}}]},"1":{"loc":{"start":{"line":27,"column":17},"end":{"line":27,"column":94}},"type":"cond-expr","locations":[{"start":{"line":27,"column":57},"end":{"line":27,"column":82}},{"start":{"line":27,"column":85},"end":{"line":27,"column":94}}]},"2":{"loc":{"start":{"line":44,"column":0},"end":{"line":68,"column":1}},"type":"if","locations":[{"start":{"line":44,"column":0},"end":{"line":68,"column":1}},{"start":{},"end":{}}]},"3":{"loc":{"start":{"line":44,"column":4},"end":{"line":44,"column":51}},"type":"binary-expr","locations":[{"start":{"line":44,"column":4},"end":{"line":44,"column":26}},{"start":{"line":44,"column":30},"end":{"line":44,"column":51}}]},"4":{"loc":{"start":{"line":49,"column":19},"end":{"line":49,"column":58}},"type":"binary-expr","locations":[{"start":{"line":49,"column":19},"end":{"line":49,"column":43}},{"start":{"line":49,"column":47},"end":{"line":49,"column":58}}]},"5":{"loc":{"start":{"line":50,"column":19},"end":{"line":50,"column":51}},"type":"binary-expr","locations":[{"start":{"line":50,"column":19},"end":{"line":50,"column":43}},{"start":{"line":50,"column":47},"end":{"line":50,"column":51}}]},"6":{"loc":{"start":{"line":54,"column":8},"end":{"line":61,"column":9}},"type":"if","locations":[{"start":{"line":54,"column":8},"end":{"line":61,"column":9}},{"start":{},"end":{}}]},"7":{"loc":{"start":{"line":57,"column":17},"end":{"line":57,"column":36}},"type":"binary-expr","locations":[{"start":{"line":57,"column":17},"end":{"line":57,"column":28}},{"start":{"line":57,"column":32},"end":{"line":57,"column":36}}]},"8":{"loc":{"start":{"line":58,"column":10},"end":{"line":60,"column":11}},"type":"if","locations":[{"start":{"line":58,"column":10},"end":{"line":60,"column":11}},{"start":{},"end":{}}]}},"s":{"0":0,"1":0,"2":0,"3":0,"4":0,"5":0,"6":0,"7":0,"8":0,"9":0,"10":0,"11":0,"12":0,"13":0,"14":0,"15":0,"16":0,"17":0,"18":0,"19":0,"20":0,"21":0,"22":0,"23":0,"24":0,"25":0,"26":0,"27":0,"28":0,"29":0,"30":0,"31":0,"32":0,"33":0},"f":{"0":0},"b":{"0":[0,0],"1":[0,0],"2":[0,0],"3":[0,0],"4":[0,0],"5":[0,0],"6":[0,0],"7":[0,0],"8":[0,0]}}
,"D:\\fatawa-backend\\src\\app.service.ts": {"path":"D:\\fatawa-backend\\src\\app.service.ts","statementMap":{"0":{"start":{"line":1,"column":0},"end":{"line":1,"column":44}},"1":{"start":{"line":4,"column":7},"end":{"line":8,"column":null}},"2":{"start":{"line":6,"column":4},"end":{"line":6,"column":26}},"3":{"start":{"line":4,"column":13},"end":{"line":4,"column":23}},"4":{"start":{"line":4,"column":13},"end":{"line":8,"column":null}}},"fnMap":{"0":{"name":"(anonymous_1)","decl":{"start":{"line":5,"column":2},"end":{"line":5,"column":10}},"loc":{"start":{"line":5,"column":10},"end":{"line":7,"column":3}}}},"branchMap":{},"s":{"0":0,"1":0,"2":0,"3":0,"4":0},"f":{"0":0},"b":{}}
,"D:\\fatawa-backend\\src\\main.ts": {"path":"D:\\fatawa-backend\\src\\main.ts","statementMap":{"0":{"start":{"line":1,"column":0},"end":{"line":1,"column":43}},"1":{"start":{"line":2,"column":0},"end":{"line":2,"column":41}},"2":{"start":{"line":3,"column":0},"end":{"line":3,"column":37}},"3":{"start":{"line":4,"column":0},"end":{"line":4,"column":64}},"4":{"start":{"line":5,"column":0},"end":{"line":5,"column":28}},"5":{"start":{"line":6,"column":20},"end":{"line":6,"column":42}},"6":{"start":{"line":7,"column":0},"end":{"line":7,"column":77}},"7":{"start":{"line":8,"column":0},"end":{"line":8,"column":83}},"8":{"start":{"line":9,"column":0},"end":{"line":9,"column":55}},"9":{"start":{"line":12,"column":2},"end":{"line":12,"column":43}},"10":{"start":{"line":13,"column":14},"end":{"line":13,"column":71}},"11":{"start":{"line":16,"column":2},"end":{"line":16,"column":33}},"12":{"start":{"line":19,"column":2},"end":{"line":19,"column":20}},"13":{"start":{"line":20,"column":2},"end":{"line":20,"column":25}},"14":{"start":{"line":21,"column":2},"end":{"line":21,"column":19}},"15":{"start":{"line":24,"column":2},"end":{"line":27,"column":5}},"16":{"start":{"line":28,"column":2},"end":{"line":28,"column":29}},"17":{"start":{"line":31,"column":2},"end":{"line":37,"column":4}},"18":{"start":{"line":40,"column":2},"end":{"line":40,"column":50}},"19":{"start":{"line":41,"column":2},"end":{"line":41,"column":56}},"20":{"start":{"line":44,"column":2},"end":{"line":44,"column":20}},"21":{"start":{"line":46,"column":15},"end":{"line":46,"column":39}},"22":{"start":{"line":47,"column":2},"end":{"line":47,"column":25}},"23":{"start":{"line":48,"column":2},"end":{"line":48,"column":42}},"24":{"start":{"line":49,"column":2},"end":{"line":49,"column":69}},"25":{"start":{"line":50,"column":2},"end":{"line":50,"column":78}},"26":{"start":{"line":52,"column":0},"end":{"line":52,"column":12}}},"fnMap":{"0":{"name":"bootstrap","decl":{"start":{"line":11,"column":15},"end":{"line":11,"column":24}},"loc":{"start":{"line":11,"column":24},"end":{"line":51,"column":1}}}},"branchMap":{"0":{"loc":{"start":{"line":46,"column":15},"end":{"line":46,"column":39}},"type":"binary-expr","locations":[{"start":{"line":46,"column":15},"end":{"line":46,"column":31}},{"start":{"line":46,"column":35},"end":{"line":46,"column":39}}]}},"s":{"0":0,"1":0,"2":0,"3":0,"4":0,"5":0,"6":0,"7":0,"8":0,"9":0,"10":0,"11":0,"12":0,"13":0,"14":0,"15":0,"16":0,"17":0,"18":0,"19":0,"20":0,"21":0,"22":0,"23":0,"24":0,"25":0,"26":0},"f":{"0":0},"b":{"0":[0,0]}}
,"D:\\fatawa-backend\\src\\common\\dto\\response.dto.ts": {"path":"D:\\fatawa-backend\\src\\common\\dto\\response.dto.ts","statementMap":{"0":{"start":{"line":1,"column":0},"end":{"line":1,"column":46}},"1":{"start":{"line":3,"column":0},"end":{"line":3,"column":13}},"2":{"start":{"line":5,"column":2},"end":{"line":5,"column":null}},"3":{"start":{"line":8,"column":2},"end":{"line":8,"column":null}},"4":{"start":{"line":11,"column":2},"end":{"line":11,"column":null}},"5":{"start":{"line":14,"column":2},"end":{"line":14,"column":null}},"6":{"start":{"line":17,"column":0},"end":{"line":17,"column":13}},"7":{"start":{"line":19,"column":2},"end":{"line":19,"column":null}},"8":{"start":{"line":22,"column":2},"end":{"line":22,"column":null}},"9":{"start":{"line":25,"column":0},"end":{"line":25,"column":13}},"10":{"start":{"line":27,"column":2},"end":{"line":27,"column":null}},"11":{"start":{"line":30,"column":2},"end":{"line":30,"column":null}},"12":{"start":{"line":33,"column":2},"end":{"line":33,"column":null}},"13":{"start":{"line":36,"column":2},"end":{"line":36,"column":null}},"14":{"start":{"line":39,"column":2},"end":{"line":39,"column":null}}},"fnMap":{},"branchMap":{},"s":{"0":0,"1":0,"2":0,"3":0,"4":0,"5":0,"6":0,"7":0,"8":0,"9":0,"10":0,"11":0,"12":0,"13":0,"14":0},"f":{},"b":{}}
,"D:\\fatawa-backend\\src\\common\\filters\\all-exceptions.filter.ts": {"path":"D:\\fatawa-backend\\src\\common\\filters\\all-exceptions.filter.ts","statementMap":{"0":{"start":{"line":1,"column":0},"end":{"line":1,"column":null}},"1":{"start":{"line":13,"column":32},"end":{"line":68,"column":null}},"2":{"start":{"line":14,"column":28},"end":{"line":14,"column":64}},"3":{"start":{"line":17,"column":16},"end":{"line":17,"column":35}},"4":{"start":{"line":18,"column":21},"end":{"line":18,"column":48}},"5":{"start":{"line":19,"column":20},"end":{"line":19,"column":45}},"6":{"start":{"line":21,"column":17},"end":{"line":21,"column":49}},"7":{"start":{"line":22,"column":18},"end":{"line":22,"column":41}},"8":{"start":{"line":23,"column":15},"end":{"line":23,"column":31}},"9":{"start":{"line":25,"column":4},"end":{"line":40,"column":5}},"10":{"start":{"line":26,"column":6},"end":{"line":26,"column":37}},"11":{"start":{"line":27,"column":37},"end":{"line":27,"column":60}},"12":{"start":{"line":29,"column":6},"end":{"line":32,"column":59}},"13":{"start":{"line":34,"column":6},"end":{"line":37,"column":35}},"14":{"start":{"line":38,"column":11},"end":{"line":40,"column":5}},"15":{"start":{"line":39,"column":6},"end":{"line":39,"column":34}},"16":{"start":{"line":42,"column":4},"end":{"line":42,"column":66}},"17":{"start":{"line":43,"column":4},"end":{"line":43,"column":100}},"18":{"start":{"line":44,"column":4},"end":{"line":44,"column":45}},"19":{"start":{"line":45,"column":4},"end":{"line":55,"column":5}},"20":{"start":{"line":46,"column":6},"end":{"line":46,"column":60}},"21":{"start":{"line":47,"column":6},"end":{"line":49,"column":7}},"22":{"start":{"line":48,"column":8},"end":{"line":48,"column":69}},"23":{"start":{"line":50,"column":6},"end":{"line":52,"column":7}},"24":{"start":{"line":51,"column":8},"end":{"line":51,"column":85}},"25":{"start":{"line":54,"column":6},"end":{"line":54,"column":75}},"26":{"start":{"line":56,"column":4},"end":{"line":56,"column":66}},"27":{"start":{"line":58,"column":44},"end":{"line":64,"column":6}},"28":{"start":{"line":66,"column":4},"end":{"line":66,"column":44}},"29":{"start":{"line":13,"column":13},"end":{"line":13,"column":32}},"30":{"start":{"line":13,"column":13},"end":{"line":68,"column":null}}},"fnMap":{"0":{"name":"(anonymous_1)","decl":{"start":{"line":16,"column":2},"end":{"line":16,"column":7}},"loc":{"start":{"line":16,"column":47},"end":{"line":67,"column":3}}}},"branchMap":{"0":{"loc":{"start":{"line":25,"column":4},"end":{"line":40,"column":5}},"type":"if","locations":[{"start":{"line":25,"column":4},"end":{"line":40,"column":5}},{"start":{"line":38,"column":11},"end":{"line":40,"column":5}}]},"1":{"loc":{"start":{"line":30,"column":8},"end":{"line":32,"column":58}},"type":"cond-expr","locations":[{"start":{"line":31,"column":12},"end":{"line":31,"column":29}},{"start":{"line":32,"column":12},"end":{"line":32,"column":58}}]},"2":{"loc":{"start":{"line":32,"column":12},"end":{"line":32,"column":58}},"type":"binary-expr","locations":[{"start":{"line":32,"column":12},"end":{"line":32,"column":37}},{"start":{"line":32,"column":41},"end":{"line":32,"column":58}}]},"3":{"loc":{"start":{"line":35,"column":8},"end":{"line":37,"column":34}},"type":"cond-expr","locations":[{"start":{"line":36,"column":12},"end":{"line":36,"column":70}},{"start":{"line":37,"column":12},"end":{"line":37,"column":34}}]},"4":{"loc":{"start":{"line":35,"column":8},"end":{"line":35,"column":72}},"type":"binary-expr","locations":[{"start":{"line":35,"column":8},"end":{"line":35,"column":45}},{"start":{"line":35,"column":49},"end":{"line":35,"column":72}}]},"5":{"loc":{"start":{"line":38,"column":11},"end":{"line":40,"column":5}},"type":"if","locations":[{"start":{"line":38,"column":11},"end":{"line":40,"column":5}},{"start":{},"end":{}}]},"6":{"loc":{"start":{"line":43,"column":41},"end":{"line":43,"column":96}},"type":"cond-expr","locations":[{"start":{"line":43,"column":70},"end":{"line":43,"column":84}},{"start":{"line":43,"column":87},"end":{"line":43,"column":96}}]},"7":{"loc":{"start":{"line":45,"column":4},"end":{"line":55,"column":5}},"type":"if","locations":[{"start":{"line":45,"column":4},"end":{"line":55,"column":5}},{"start":{"line":53,"column":11},"end":{"line":55,"column":5}}]},"8":{"loc":{"start":{"line":47,"column":6},"end":{"line":49,"column":7}},"type":"if","locations":[{"start":{"line":47,"column":6},"end":{"line":49,"column":7}},{"start":{},"end":{}}]},"9":{"loc":{"start":{"line":50,"column":6},"end":{"line":52,"column":7}},"type":"if","locations":[{"start":{"line":50,"column":6},"end":{"line":52,"column":7}},{"start":{},"end":{}}]},"10":{"loc":{"start":{"line":62,"column":17},"end":{"line":62,"column":70}},"type":"cond-expr","locations":[{"start":{"line":62,"column":42},"end":{"line":62,"column":60}},{"start":{"line":62,"column":63},"end":{"line":62,"column":70}}]}},"s":{"0":0,"1":0,"2":0,"3":0,"4":0,"5":0,"6":0,"7":0,"8":0,"9":0,"10":0,"11":0,"12":0,"13":0,"14":0,"15":0,"16":0,"17":0,"18":0,"19":0,"20":0,"21":0,"22":0,"23":0,"24":0,"25":0,"26":0,"27":0,"28":0,"29":0,"30":0},"f":{"0":0},"b":{"0":[0,0],"1":[0,0],"2":[0,0],"3":[0,0],"4":[0,0],"5":[0,0],"6":[0,0],"7":[0,0],"8":[0,0],"9":[0,0],"10":[0,0]}}
,"D:\\fatawa-backend\\src\\common\\interceptors\\transform.interceptor.ts": {"path":"D:\\fatawa-backend\\src\\common\\interceptors\\transform.interceptor.ts","statementMap":{"0":{"start":{"line":1,"column":0},"end":{"line":1,"column":null}},"1":{"start":{"line":8,"column":0},"end":{"line":8,"column":37}},"2":{"start":{"line":16,"column":7},"end":{"line":45,"column":null}},"3":{"start":{"line":23,"column":4},"end":{"line":43,"column":6}},"4":{"start":{"line":26,"column":8},"end":{"line":33,"column":9}},"5":{"start":{"line":27,"column":10},"end":{"line":32,"column":12}},"6":{"start":{"line":36,"column":8},"end":{"line":41,"column":10}},"7":{"start":{"line":16,"column":13},"end":{"line":16,"column":33}},"8":{"start":{"line":16,"column":13},"end":{"line":45,"column":null}}},"fnMap":{"0":{"name":"(anonymous_1)","decl":{"start":{"line":19,"column":2},"end":{"line":19,"column":11}},"loc":{"start":{"line":21,"column":21},"end":{"line":44,"column":3}}},"1":{"name":"(anonymous_2)","decl":{"start":{"line":24,"column":10},"end":{"line":24,"column":11}},"loc":{"start":{"line":24,"column":21},"end":{"line":42,"column":7}}}},"branchMap":{"0":{"loc":{"start":{"line":26,"column":8},"end":{"line":33,"column":9}},"type":"if","locations":[{"start":{"line":26,"column":8},"end":{"line":33,"column":9}},{"start":{},"end":{}}]},"1":{"loc":{"start":{"line":26,"column":12},"end":{"line":26,"column":96}},"type":"binary-expr","locations":[{"start":{"line":26,"column":12},"end":{"line":26,"column":18}},{"start":{"line":26,"column":22},"end":{"line":26,"column":48}},{"start":{"line":26,"column":53},"end":{"line":26,"column":69}},{"start":{"line":26,"column":73},"end":{"line":26,"column":95}}]},"2":{"loc":{"start":{"line":31,"column":21},"end":{"line":31,"column":43}},"type":"binary-expr","locations":[{"start":{"line":31,"column":21},"end":{"line":31,"column":35}},{"start":{"line":31,"column":39},"end":{"line":31,"column":43}}]}},"s":{"0":0,"1":0,"2":0,"3":0,"4":0,"5":0,"6":0,"7":0,"8":0},"f":{"0":0,"1":0},"b":{"0":[0,0],"1":[0,0,0,0],"2":[0,0]}}
,"D:\\fatawa-backend\\src\\config\\swagger.config.ts": {"path":"D:\\fatawa-backend\\src\\config\\swagger.config.ts","statementMap":{"0":{"start":{"line":4,"column":0},"end":{"line":4,"column":16}},"1":{"start":{"line":2,"column":0},"end":{"line":2,"column":65}},"2":{"start":{"line":5,"column":17},"end":{"line":14,"column":12}},"3":{"start":{"line":16,"column":19},"end":{"line":16,"column":60}},"4":{"start":{"line":19,"column":2},"end":{"line":23,"column":5}}},"fnMap":{"0":{"name":"setupSwagger","decl":{"start":{"line":4,"column":16},"end":{"line":4,"column":28}},"loc":{"start":{"line":4,"column":50},"end":{"line":24,"column":1}}}},"branchMap":{},"s":{"0":0,"1":0,"2":0,"3":0,"4":0},"f":{"0":0},"b":{}}
,"D:\\fatawa-backend\\src\\modules\\admin\\admin.controller.ts": {"path":"D:\\fatawa-backend\\src\\modules\\admin\\admin.controller.ts","statementMap":{"0":{"start":{"line":1,"column":0},"end":{"line":1,"column":73}},"1":{"start":{"line":2,"column":0},"end":{"line":2,"column":71}},"2":{"start":{"line":3,"column":0},"end":{"line":3,"column":63}},"3":{"start":{"line":8,"column":7},"end":{"line":23,"column":null}},"4":{"start":{"line":9,"column":31},"end":{"line":9,"column":48}},"5":{"start":{"line":14,"column":19},"end":{"line":14,"column":38}},"6":{"start":{"line":15,"column":4},"end":{"line":15,"column":61}},"7":{"start":{"line":21,"column":4},"end":{"line":21,"column":69}},"8":{"start":{"line":8,"column":13},"end":{"line":8,"column":28}},"9":{"start":{"line":13,"column":8},"end":{"line":16,"column":null}},"10":{"start":{"line":20,"column":8},"end":{"line":22,"column":null}},"11":{"start":{"line":8,"column":13},"end":{"line":23,"column":null}}},"fnMap":{"0":{"name":"(anonymous_4)","decl":{"start":{"line":9,"column":2},"end":{"line":9,"column":31}},"loc":{"start":{"line":9,"column":63},"end":{"line":9,"column":67}}},"1":{"name":"(anonymous_5)","decl":{"start":{"line":13,"column":8},"end":{"line":13,"column":17}},"loc":{"start":{"line":13,"column":58},"end":{"line":16,"column":3}}},"2":{"name":"(anonymous_6)","decl":{"start":{"line":20,"column":8},"end":{"line":20,"column":21}},"loc":{"start":{"line":20,"column":21},"end":{"line":22,"column":3}}}},"branchMap":{"0":{"loc":{"start":{"line":14,"column":19},"end":{"line":14,"column":38}},"type":"binary-expr","locations":[{"start":{"line":14,"column":19},"end":{"line":14,"column":29}},{"start":{"line":14,"column":33},"end":{"line":14,"column":38}}]},"1":{"loc":{"start":{"line":9,"column":48},"end":{"line":9,"column":66}},"type":"cond-expr","locations":[{"start":{"line":9,"column":63},"end":{"line":9,"column":66}},{"start":{"line":9,"column":63},"end":{"line":9,"column":66}}]},"2":{"loc":{"start":{"line":9,"column":48},"end":{"line":9,"column":63}},"type":"binary-expr","locations":[{"start":{"line":9,"column":48},"end":{"line":9,"column":66}},{"start":{"line":9,"column":48},"end":{"line":9,"column":63}}]}},"s":{"0":0,"1":0,"2":0,"3":0,"4":0,"5":0,"6":0,"7":0,"8":0,"9":0,"10":0,"11":0},"f":{"0":0,"1":0,"2":0},"b":{"0":[0,0],"1":[0,0],"2":[0,0]}}
,"D:\\fatawa-backend\\src\\modules\\admin\\admin.module.ts": {"path":"D:\\fatawa-backend\\src\\modules\\admin\\admin.module.ts","statementMap":{"0":{"start":{"line":1,"column":0},"end":{"line":1,"column":40}},"1":{"start":{"line":2,"column":0},"end":{"line":2,"column":53}},"2":{"start":{"line":3,"column":0},"end":{"line":3,"column":47}},"3":{"start":{"line":4,"column":0},"end":{"line":4,"column":61}},"4":{"start":{"line":11,"column":7},"end":{"line":11,"column":null}},"5":{"start":{"line":11,"column":13},"end":{"line":11,"column":24}},"6":{"start":{"line":11,"column":13},"end":{"line":11,"column":null}}},"fnMap":{},"branchMap":{},"s":{"0":0,"1":0,"2":0,"3":0,"4":0,"5":0,"6":0},"f":{},"b":{}}
,"D:\\fatawa-backend\\src\\modules\\admin\\admin.service.ts": {"path":"D:\\fatawa-backend\\src\\modules\\admin\\admin.service.ts","statementMap":{"0":{"start":{"line":1,"column":0},"end":{"line":1,"column":44}},"1":{"start":{"line":4,"column":7},"end":{"line":4,"column":null}},"2":{"start":{"line":4,"column":13},"end":{"line":4,"column":25}},"3":{"start":{"line":4,"column":13},"end":{"line":4,"column":null}}},"fnMap":{},"branchMap":{},"s":{"0":0,"1":0,"2":0,"3":0},"f":{},"b":{}}
,"D:\\fatawa-backend\\src\\modules\\auth\\auth.controller.ts": {"path":"D:\\fatawa-backend\\src\\modules\\auth\\auth.controller.ts","statementMap":{"0":{"start":{"line":1,"column":0},"end":{"line":1,"column":56}},"1":{"start":{"line":2,"column":0},"end":{"line":2,"column":45}},"2":{"start":{"line":3,"column":0},"end":{"line":3,"column":56}},"3":{"start":{"line":7,"column":7},"end":{"line":15,"column":null}},"4":{"start":{"line":8,"column":22},"end":{"line":8,"column":35}},"5":{"start":{"line":13,"column":4},"end":{"line":13,"column":64}},"6":{"start":{"line":7,"column":13},"end":{"line":7,"column":27}},"7":{"start":{"line":12,"column":8},"end":{"line":14,"column":null}},"8":{"start":{"line":7,"column":13},"end":{"line":15,"column":null}}},"fnMap":{"0":{"name":"(anonymous_4)","decl":{"start":{"line":8,"column":2},"end":{"line":8,"column":22}},"loc":{"start":{"line":8,"column":46},"end":{"line":8,"column":50}}},"1":{"name":"(anonymous_5)","decl":{"start":{"line":12,"column":8},"end":{"line":12,"column":13}},"loc":{"start":{"line":12,"column":31},"end":{"line":14,"column":3}}}},"branchMap":{"0":{"loc":{"start":{"line":8,"column":35},"end":{"line":8,"column":49}},"type":"cond-expr","locations":[{"start":{"line":8,"column":46},"end":{"line":8,"column":49}},{"start":{"line":8,"column":46},"end":{"line":8,"column":49}}]},"1":{"loc":{"start":{"line":8,"column":35},"end":{"line":8,"column":46}},"type":"binary-expr","locations":[{"start":{"line":8,"column":35},"end":{"line":8,"column":49}},{"start":{"line":8,"column":35},"end":{"line":8,"column":46}}]}},"s":{"0":0,"1":0,"2":0,"3":0,"4":0,"5":0,"6":0,"7":0,"8":0},"f":{"0":0,"1":0},"b":{"0":[0,0],"1":[0,0]}}
,"D:\\fatawa-backend\\src\\modules\\auth\\auth.module.ts": {"path":"D:\\fatawa-backend\\src\\modules\\auth\\auth.module.ts","statementMap":{"0":{"start":{"line":1,"column":0},"end":{"line":1,"column":40}},"1":{"start":{"line":2,"column":0},"end":{"line":2,"column":40}},"2":{"start":{"line":3,"column":0},"end":{"line":3,"column":50}},"3":{"start":{"line":4,"column":0},"end":{"line":4,"column":47}},"4":{"start":{"line":5,"column":0},"end":{"line":5,"column":51}},"5":{"start":{"line":6,"column":0},"end":{"line":6,"column":45}},"6":{"start":{"line":7,"column":0},"end":{"line":7,"column":56}},"7":{"start":{"line":24,"column":7},"end":{"line":24,"column":null}},"8":{"start":{"line":24,"column":13},"end":{"line":24,"column":23}},"9":{"start":{"line":24,"column":13},"end":{"line":24,"column":null}},"10":{"start":{"line":14,"column":46},"end":{"line":17,"column":8}}},"fnMap":{"0":{"name":"(anonymous_1)","decl":{"start":{"line":14,"column":18},"end":{"line":14,"column":19}},"loc":{"start":{"line":14,"column":46},"end":{"line":17,"column":8}}}},"branchMap":{"0":{"loc":{"start":{"line":15,"column":16},"end":{"line":15,"column":87}},"type":"binary-expr","locations":[{"start":{"line":15,"column":16},"end":{"line":15,"column":48}},{"start":{"line":15,"column":52},"end":{"line":15,"column":87}}]}},"s":{"0":0,"1":0,"2":0,"3":0,"4":0,"5":0,"6":0,"7":0,"8":0,"9":0,"10":0},"f":{"0":0},"b":{"0":[0,0]}}
,"D:\\fatawa-backend\\src\\modules\\auth\\auth.service.ts": {"path":"D:\\fatawa-backend\\src\\modules\\auth\\auth.service.ts","statementMap":{"0":{"start":{"line":1,"column":0},"end":{"line":1,"column":67}},"1":{"start":{"line":2,"column":0},"end":{"line":2,"column":41}},"2":{"start":{"line":5,"column":7},"end":{"line":18,"column":null}},"3":{"start":{"line":6,"column":22},"end":{"line":6,"column":34}},"4":{"start":{"line":10,"column":4},"end":{"line":15,"column":5}},"5":{"start":{"line":11,"column":22},"end":{"line":11,"column":69}},"6":{"start":{"line":12,"column":6},"end":{"line":14,"column":8}},"7":{"start":{"line":16,"column":4},"end":{"line":16,"column":59}},"8":{"start":{"line":5,"column":13},"end":{"line":5,"column":24}},"9":{"start":{"line":5,"column":13},"end":{"line":18,"column":null}}},"fnMap":{"0":{"name":"(anonymous_2)","decl":{"start":{"line":6,"column":2},"end":{"line":6,"column":22}},"loc":{"start":{"line":6,"column":44},"end":{"line":6,"column":48}}},"1":{"name":"(anonymous_3)","decl":{"start":{"line":8,"column":2},"end":{"line":8,"column":7}},"loc":{"start":{"line":8,"column":44},"end":{"line":17,"column":3}}}},"branchMap":{"0":{"loc":{"start":{"line":10,"column":4},"end":{"line":15,"column":5}},"type":"if","locations":[{"start":{"line":10,"column":4},"end":{"line":15,"column":5}},{"start":{},"end":{}}]},"1":{"loc":{"start":{"line":10,"column":8},"end":{"line":10,"column":51}},"type":"binary-expr","locations":[{"start":{"line":10,"column":8},"end":{"line":10,"column":28}},{"start":{"line":10,"column":32},"end":{"line":10,"column":51}}]},"2":{"loc":{"start":{"line":6,"column":34},"end":{"line":6,"column":47}},"type":"cond-expr","locations":[{"start":{"line":6,"column":44},"end":{"line":6,"column":47}},{"start":{"line":6,"column":44},"end":{"line":6,"column":47}}]},"3":{"loc":{"start":{"line":6,"column":34},"end":{"line":6,"column":44}},"type":"binary-expr","locations":[{"start":{"line":6,"column":34},"end":{"line":6,"column":47}},{"start":{"line":6,"column":34},"end":{"line":6,"column":44}}]}},"s":{"0":0,"1":0,"2":0,"3":0,"4":0,"5":0,"6":0,"7":0,"8":0,"9":0},"f":{"0":0,"1":0},"b":{"0":[0,0],"1":[0,0],"2":[0,0],"3":[0,0]}}
,"D:\\fatawa-backend\\src\\modules\\auth\\decorators\\roles.decorator.ts": {"path":"D:\\fatawa-backend\\src\\modules\\auth\\decorators\\roles.decorator.ts","statementMap":{"0":{"start":{"line":1,"column":0},"end":{"line":1,"column":45}},"1":{"start":{"line":3,"column":13},"end":{"line":3,"column":33}},"2":{"start":{"line":4,"column":21},"end":{"line":4,"column":74}},"3":{"start":{"line":4,"column":45},"end":{"line":4,"column":74}},"4":{"start":{"line":4,"column":13},"end":{"line":4,"column":21}}},"fnMap":{"0":{"name":"(anonymous_0)","decl":{"start":{"line":4,"column":21},"end":{"line":4,"column":22}},"loc":{"start":{"line":4,"column":45},"end":{"line":4,"column":74}}}},"branchMap":{},"s":{"0":0,"1":0,"2":0,"3":0,"4":0},"f":{"0":0},"b":{}}
,"D:\\fatawa-backend\\src\\modules\\auth\\guards\\jwt-auth.guard.ts": {"path":"D:\\fatawa-backend\\src\\modules\\auth\\guards\\jwt-auth.guard.ts","statementMap":{"0":{"start":{"line":1,"column":0},"end":{"line":1,"column":44}},"1":{"start":{"line":2,"column":0},"end":{"line":2,"column":45}},"2":{"start":{"line":5,"column":7},"end":{"line":5,"column":null}},"3":{"start":{"line":5,"column":13},"end":{"line":5,"column":25}},"4":{"start":{"line":5,"column":13},"end":{"line":5,"column":null}}},"fnMap":{},"branchMap":{},"s":{"0":0,"1":0,"2":0,"3":0,"4":0},"f":{},"b":{}}
,"D:\\fatawa-backend\\src\\modules\\auth\\guards\\roles.guard.ts": {"path":"D:\\fatawa-backend\\src\\modules\\auth\\guards\\roles.guard.ts","statementMap":{"0":{"start":{"line":1,"column":0},"end":{"line":1,"column":75}},"1":{"start":{"line":2,"column":0},"end":{"line":2,"column":41}},"2":{"start":{"line":3,"column":0},"end":{"line":3,"column":58}},"3":{"start":{"line":6,"column":7},"end":{"line":24,"column":null}},"4":{"start":{"line":7,"column":22},"end":{"line":7,"column":33}},"5":{"start":{"line":10,"column":26},"end":{"line":13,"column":6}},"6":{"start":{"line":15,"column":4},"end":{"line":17,"column":5}},"7":{"start":{"line":16,"column":6},"end":{"line":16,"column":18}},"8":{"start":{"line":19,"column":21},"end":{"line":19,"column":56}},"9":{"start":{"line":20,"column":4},"end":{"line":20,"column":43}},"10":{"start":{"line":20,"column":30},"end":{"line":20,"column":43}},"11":{"start":{"line":22,"column":4},"end":{"line":22,"column":68}},"12":{"start":{"line":22,"column":40},"end":{"line":22,"column":66}},"13":{"start":{"line":6,"column":13},"end":{"line":6,"column":23}},"14":{"start":{"line":6,"column":13},"end":{"line":24,"column":null}}},"fnMap":{"0":{"name":"(anonymous_2)","decl":{"start":{"line":7,"column":2},"end":{"line":7,"column":22}},"loc":{"start":{"line":7,"column":42},"end":{"line":7,"column":46}}},"1":{"name":"(anonymous_3)","decl":{"start":{"line":9,"column":2},"end":{"line":9,"column":13}},"loc":{"start":{"line":9,"column":39},"end":{"line":23,"column":3}}},"2":{"name":"(anonymous_4)","decl":{"start":{"line":22,"column":30},"end":{"line":22,"column":31}},"loc":{"start":{"line":22,"column":40},"end":{"line":22,"column":66}}}},"branchMap":{"0":{"loc":{"start":{"line":15,"column":4},"end":{"line":17,"column":5}},"type":"if","locations":[{"start":{"line":15,"column":4},"end":{"line":17,"column":5}},{"start":{},"end":{}}]},"1":{"loc":{"start":{"line":20,"column":4},"end":{"line":20,"column":43}},"type":"if","locations":[{"start":{"line":20,"column":4},"end":{"line":20,"column":43}},{"start":{},"end":{}}]},"2":{"loc":{"start":{"line":20,"column":8},"end":{"line":20,"column":28}},"type":"binary-expr","locations":[{"start":{"line":20,"column":8},"end":{"line":20,"column":13}},{"start":{"line":20,"column":17},"end":{"line":20,"column":28}}]},"3":{"loc":{"start":{"line":7,"column":33},"end":{"line":7,"column":45}},"type":"cond-expr","locations":[{"start":{"line":7,"column":42},"end":{"line":7,"column":45}},{"start":{"line":7,"column":42},"end":{"line":7,"column":45}}]},"4":{"loc":{"start":{"line":7,"column":33},"end":{"line":7,"column":42}},"type":"binary-expr","locations":[{"start":{"line":7,"column":33},"end":{"line":7,"column":45}},{"start":{"line":7,"column":33},"end":{"line":7,"column":42}}]}},"s":{"0":0,"1":0,"2":0,"3":0,"4":0,"5":0,"6":0,"7":0,"8":0,"9":0,"10":0,"11":0,"12":0,"13":0,"14":0},"f":{"0":0,"1":0,"2":0},"b":{"0":[0,0],"1":[0,0],"2":[0,0],"3":[0,0],"4":[0,0]}}
,"D:\\fatawa-backend\\src\\modules\\auth\\strategies\\jwt.strategy.ts": {"path":"D:\\fatawa-backend\\src\\modules\\auth\\strategies\\jwt.strategy.ts","statementMap":{"0":{"start":{"line":1,"column":0},"end":{"line":1,"column":52}},"1":{"start":{"line":2,"column":0},"end":{"line":2,"column":52}},"2":{"start":{"line":3,"column":0},"end":{"line":3,"column":44}},"3":{"start":{"line":4,"column":0},"end":{"line":4,"column":47}},"4":{"start":{"line":7,"column":7},"end":{"line":19,"column":null}},"5":{"start":{"line":9,"column":4},"end":{"line":13,"column":7}},"6":{"start":{"line":8,"column":22},"end":{"line":8,"column":37}},"7":{"start":{"line":17,"column":4},"end":{"line":17,"column":85}},"8":{"start":{"line":7,"column":13},"end":{"line":7,"column":24}},"9":{"start":{"line":7,"column":13},"end":{"line":19,"column":null}}},"fnMap":{"0":{"name":"(anonymous_2)","decl":{"start":{"line":8,"column":2},"end":{"line":8,"column":22}},"loc":{"start":{"line":8,"column":50},"end":{"line":14,"column":3}}},"1":{"name":"(anonymous_3)","decl":{"start":{"line":16,"column":2},"end":{"line":16,"column":7}},"loc":{"start":{"line":16,"column":29},"end":{"line":18,"column":3}}}},"branchMap":{"0":{"loc":{"start":{"line":12,"column":19},"end":{"line":12,"column":97}},"type":"binary-expr","locations":[{"start":{"line":12,"column":19},"end":{"line":12,"column":58}},{"start":{"line":12,"column":62},"end":{"line":12,"column":97}}]},"1":{"loc":{"start":{"line":8,"column":37},"end":{"line":8,"column":null}},"type":"cond-expr","locations":[{"start":{"line":8,"column":50},"end":{"line":8,"column":null}},{"start":{"line":8,"column":50},"end":{"line":8,"column":null}}]},"2":{"loc":{"start":{"line":8,"column":37},"end":{"line":8,"column":50}},"type":"binary-expr","locations":[{"start":{"line":8,"column":37},"end":{"line":8,"column":null}},{"start":{"line":8,"column":37},"end":{"line":8,"column":50}}]}},"s":{"0":0,"1":0,"2":0,"3":0,"4":0,"5":0,"6":0,"7":0,"8":0,"9":0},"f":{"0":0,"1":0},"b":{"0":[0,0],"1":[0,0],"2":[0,0]}}
,"D:\\fatawa-backend\\src\\modules\\backup\\backup.module.ts": {"path":"D:\\fatawa-backend\\src\\modules\\backup\\backup.module.ts","statementMap":{"0":{"start":{"line":1,"column":0},"end":{"line":1,"column":40}},"1":{"start":{"line":2,"column":0},"end":{"line":2,"column":49}},"2":{"start":{"line":7,"column":7},"end":{"line":7,"column":null}},"3":{"start":{"line":7,"column":13},"end":{"line":7,"column":25}},"4":{"start":{"line":7,"column":13},"end":{"line":7,"column":null}}},"fnMap":{},"branchMap":{},"s":{"0":0,"1":0,"2":0,"3":0,"4":0},"f":{},"b":{}}
,"D:\\fatawa-backend\\src\\modules\\backup\\backup.service.ts": {"path":"D:\\fatawa-backend\\src\\modules\\backup\\backup.service.ts","statementMap":{"0":{"start":{"line":1,"column":0},"end":{"line":1,"column":52}},"1":{"start":{"line":2,"column":0},"end":{"line":2,"column":56}},"2":{"start":{"line":5,"column":26},"end":{"line":27,"column":null}},"3":{"start":{"line":6,"column":28},"end":{"line":6,"column":58}},"4":{"start":{"line":10,"column":4},"end":{"line":10,"column":70}},"5":{"start":{"line":11,"column":4},"end":{"line":20,"column":5}},"6":{"start":{"line":16,"column":6},"end":{"line":16,"column":36}},"7":{"start":{"line":17,"column":6},"end":{"line":17,"column":71}},"8":{"start":{"line":19,"column":6},"end":{"line":19,"column":63}},"9":{"start":{"line":24,"column":4},"end":{"line":24,"column":75}},"10":{"start":{"line":5,"column":13},"end":{"line":5,"column":26}},"11":{"start":{"line":9,"column":8},"end":{"line":21,"column":null}},"12":{"start":{"line":5,"column":13},"end":{"line":27,"column":null}}},"fnMap":{"0":{"name":"(anonymous_2)","decl":{"start":{"line":9,"column":8},"end":{"line":9,"column":25}},"loc":{"start":{"line":9,"column":25},"end":{"line":21,"column":3}}},"1":{"name":"(anonymous_3)","decl":{"start":{"line":23,"column":10},"end":{"line":23,"column":32}},"loc":{"start":{"line":23,"column":32},"end":{"line":26,"column":3}}}},"branchMap":{},"s":{"0":0,"1":0,"2":0,"3":0,"4":0,"5":0,"6":0,"7":0,"8":0,"9":0,"10":0,"11":0,"12":0},"f":{"0":0,"1":0},"b":{}}
,"D:\\fatawa-backend\\src\\modules\\fatawa\\categories.controller.ts": {"path":"D:\\fatawa-backend\\src\\modules\\fatawa\\categories.controller.ts","statementMap":{"0":{"start":{"line":1,"column":0},"end":{"line":1,"column":49}},"1":{"start":{"line":2,"column":0},"end":{"line":2,"column":49}},"2":{"start":{"line":3,"column":0},"end":{"line":3,"column":69}},"3":{"start":{"line":7,"column":7},"end":{"line":16,"column":null}},"4":{"start":{"line":8,"column":31},"end":{"line":8,"column":46}},"5":{"start":{"line":14,"column":4},"end":{"line":14,"column":46}},"6":{"start":{"line":7,"column":13},"end":{"line":7,"column":33}},"7":{"start":{"line":13,"column":8},"end":{"line":15,"column":null}},"8":{"start":{"line":7,"column":13},"end":{"line":16,"column":null}}},"fnMap":{"0":{"name":"(anonymous_2)","decl":{"start":{"line":8,"column":2},"end":{"line":8,"column":31}},"loc":{"start":{"line":8,"column":59},"end":{"line":8,"column":63}}},"1":{"name":"(anonymous_3)","decl":{"start":{"line":13,"column":8},"end":{"line":13,"column":21}},"loc":{"start":{"line":13,"column":21},"end":{"line":15,"column":3}}}},"branchMap":{"0":{"loc":{"start":{"line":8,"column":46},"end":{"line":8,"column":62}},"type":"cond-expr","locations":[{"start":{"line":8,"column":59},"end":{"line":8,"column":62}},{"start":{"line":8,"column":59},"end":{"line":8,"column":62}}]},"1":{"loc":{"start":{"line":8,"column":46},"end":{"line":8,"column":59}},"type":"binary-expr","locations":[{"start":{"line":8,"column":46},"end":{"line":8,"column":62}},{"start":{"line":8,"column":46},"end":{"line":8,"column":59}}]}},"s":{"0":0,"1":0,"2":0,"3":0,"4":0,"5":0,"6":0,"7":0,"8":0},"f":{"0":0,"1":0},"b":{"0":[0,0],"1":[0,0]}}
,"D:\\fatawa-backend\\src\\modules\\fatawa\\fatawa.controller.ts": {"path":"D:\\fatawa-backend\\src\\modules\\fatawa\\fatawa.controller.ts","statementMap":{"0":{"start":{"line":1,"column":0},"end":{"line":1,"column":63}},"1":{"start":{"line":2,"column":0},"end":{"line":2,"column":49}},"2":{"start":{"line":3,"column":0},"end":{"line":3,"column":69}},"3":{"start":{"line":7,"column":7},"end":{"line":53,"column":null}},"4":{"start":{"line":8,"column":31},"end":{"line":8,"column":46}},"5":{"start":{"line":19,"column":14},"end":{"line":19,"column":37}},"6":{"start":{"line":20,"column":14},"end":{"line":20,"column":39}},"7":{"start":{"line":22,"column":19},"end":{"line":26,"column":null}},"8":{"start":{"line":29,"column":4},"end":{"line":37,"column":6}},"9":{"start":{"line":44,"column":4},"end":{"line":44,"column":51}},"10":{"start":{"line":51,"column":4},"end":{"line":51,"column":53}},"11":{"start":{"line":7,"column":13},"end":{"line":7,"column":29}},"12":{"start":{"line":13,"column":8},"end":{"line":38,"column":null}},"13":{"start":{"line":43,"column":8},"end":{"line":45,"column":null}},"14":{"start":{"line":50,"column":8},"end":{"line":52,"column":null}},"15":{"start":{"line":7,"column":13},"end":{"line":53,"column":null}}},"fnMap":{"0":{"name":"(anonymous_4)","decl":{"start":{"line":8,"column":2},"end":{"line":8,"column":31}},"loc":{"start":{"line":8,"column":59},"end":{"line":8,"column":63}}},"1":{"name":"(anonymous_5)","decl":{"start":{"line":13,"column":8},"end":{"line":13,"column":17}},"loc":{"start":{"line":17,"column":40},"end":{"line":38,"column":3}}},"2":{"name":"(anonymous_6)","decl":{"start":{"line":43,"column":8},"end":{"line":43,"column":16}},"loc":{"start":{"line":43,"column":44},"end":{"line":45,"column":3}}},"3":{"name":"(anonymous_7)","decl":{"start":{"line":50,"column":8},"end":{"line":50,"column":18}},"loc":{"start":{"line":50,"column":46},"end":{"line":52,"column":3}}}},"branchMap":{"0":{"loc":{"start":{"line":16,"column":19},"end":{"line":16,"column":37}},"type":"default-arg","locations":[{"start":{"line":16,"column":34},"end":{"line":16,"column":37}}]},"1":{"loc":{"start":{"line":17,"column":20},"end":{"line":17,"column":40}},"type":"default-arg","locations":[{"start":{"line":17,"column":36},"end":{"line":17,"column":40}}]},"2":{"loc":{"start":{"line":19,"column":14},"end":{"line":19,"column":37}},"type":"binary-expr","locations":[{"start":{"line":19,"column":14},"end":{"line":19,"column":32}},{"start":{"line":19,"column":36},"end":{"line":19,"column":37}}]},"3":{"loc":{"start":{"line":20,"column":14},"end":{"line":20,"column":39}},"type":"binary-expr","locations":[{"start":{"line":20,"column":14},"end":{"line":20,"column":33}},{"start":{"line":20,"column":37},"end":{"line":20,"column":39}}]},"4":{"loc":{"start":{"line":23,"column":6},"end":{"line":23,"column":25}},"type":"binary-expr","locations":[{"start":{"line":23,"column":6},"end":{"line":23,"column":17}},{"start":{"line":23,"column":21},"end":{"line":23,"column":25}}]},"5":{"loc":{"start":{"line":24,"column":6},"end":{"line":24,"column":23}},"type":"binary-expr","locations":[{"start":{"line":24,"column":6},"end":{"line":24,"column":15}},{"start":{"line":24,"column":19},"end":{"line":24,"column":23}}]},"6":{"loc":{"start":{"line":8,"column":46},"end":{"line":8,"column":62}},"type":"cond-expr","locations":[{"start":{"line":8,"column":59},"end":{"line":8,"column":62}},{"start":{"line":8,"column":59},"end":{"line":8,"column":62}}]},"7":{"loc":{"start":{"line":8,"column":46},"end":{"line":8,"column":59}},"type":"binary-expr","locations":[{"start":{"line":8,"column":46},"end":{"line":8,"column":62}},{"start":{"line":8,"column":46},"end":{"line":8,"column":59}}]}},"s":{"0":0,"1":0,"2":0,"3":0,"4":0,"5":0,"6":0,"7":0,"8":0,"9":0,"10":0,"11":0,"12":0,"13":0,"14":0,"15":0},"f":{"0":0,"1":0,"2":0,"3":0},"b":{"0":[0],"1":[0],"2":[0,0],"3":[0,0],"4":[0,0],"5":[0,0],"6":[0,0],"7":[0,0]}}
,"D:\\fatawa-backend\\src\\modules\\fatawa\\fatawa.module.ts": {"path":"D:\\fatawa-backend\\src\\modules\\fatawa\\fatawa.module.ts","statementMap":{"0":{"start":{"line":1,"column":0},"end":{"line":1,"column":40}},"1":{"start":{"line":2,"column":0},"end":{"line":2,"column":55}},"2":{"start":{"line":3,"column":0},"end":{"line":3,"column":59}},"3":{"start":{"line":4,"column":0},"end":{"line":4,"column":63}},"4":{"start":{"line":5,"column":0},"end":{"line":5,"column":49}},"5":{"start":{"line":6,"column":0},"end":{"line":6,"column":55}},"6":{"start":{"line":12,"column":7},"end":{"line":12,"column":null}},"7":{"start":{"line":12,"column":13},"end":{"line":12,"column":25}},"8":{"start":{"line":12,"column":13},"end":{"line":12,"column":null}}},"fnMap":{},"branchMap":{},"s":{"0":0,"1":0,"2":0,"3":0,"4":0,"5":0,"6":0,"7":0,"8":0},"f":{},"b":{}}
,"D:\\fatawa-backend\\src\\modules\\fatawa\\fatawa.repository.ts": {"path":"D:\\fatawa-backend\\src\\modules\\fatawa\\fatawa.repository.ts","statementMap":{"0":{"start":{"line":1,"column":0},"end":{"line":1,"column":44}},"1":{"start":{"line":2,"column":0},"end":{"line":2,"column":57}},"2":{"start":{"line":5,"column":7},"end":{"line":77,"column":null}},"3":{"start":{"line":6,"column":22},"end":{"line":6,"column":30}},"4":{"start":{"line":10,"column":19},"end":{"line":10,"column":99}},"5":{"start":{"line":12,"column":4},"end":{"line":20,"column":7}},"6":{"start":{"line":25,"column":4},"end":{"line":36,"column":7}},"7":{"start":{"line":40,"column":17},"end":{"line":40,"column":35}},"8":{"start":{"line":41,"column":21},"end":{"line":41,"column":55}},"9":{"start":{"line":43,"column":4},"end":{"line":47,"column":5}},"10":{"start":{"line":44,"column":6},"end":{"line":44,"column":34}},"11":{"start":{"line":45,"column":11},"end":{"line":47,"column":5}},"12":{"start":{"line":46,"column":6},"end":{"line":46,"column":44}},"13":{"start":{"line":49,"column":26},"end":{"line":58,"column":6}},"14":{"start":{"line":60,"column":4},"end":{"line":60,"column":78}},"15":{"start":{"line":64,"column":4},"end":{"line":69,"column":7}},"16":{"start":{"line":73,"column":4},"end":{"line":75,"column":7}},"17":{"start":{"line":5,"column":13},"end":{"line":5,"column":29}},"18":{"start":{"line":5,"column":13},"end":{"line":77,"column":null}}},"fnMap":{"0":{"name":"(anonymous_2)","decl":{"start":{"line":6,"column":2},"end":{"line":6,"column":22}},"loc":{"start":{"line":6,"column":43},"end":{"line":6,"column":47}}},"1":{"name":"(anonymous_3)","decl":{"start":{"line":8,"column":2},"end":{"line":8,"column":7}},"loc":{"start":{"line":8,"column":35},"end":{"line":21,"column":3}}},"2":{"name":"(anonymous_4)","decl":{"start":{"line":23,"column":2},"end":{"line":23,"column":7}},"loc":{"start":{"line":23,"column":51},"end":{"line":37,"column":3}}},"3":{"name":"(anonymous_5)","decl":{"start":{"line":39,"column":2},"end":{"line":39,"column":7}},"loc":{"start":{"line":39,"column":112},"end":{"line":61,"column":3}}},"4":{"name":"(anonymous_6)","decl":{"start":{"line":63,"column":2},"end":{"line":63,"column":7}},"loc":{"start":{"line":63,"column":19},"end":{"line":70,"column":3}}},"5":{"name":"(anonymous_7)","decl":{"start":{"line":72,"column":2},"end":{"line":72,"column":7}},"loc":{"start":{"line":72,"column":21},"end":{"line":76,"column":3}}}},"branchMap":{"0":{"loc":{"start":{"line":13,"column":13},"end":{"line":13,"column":59}},"type":"cond-expr","locations":[{"start":{"line":13,"column":22},"end":{"line":13,"column":38}},{"start":{"line":13,"column":41},"end":{"line":13,"column":59}}]},"1":{"loc":{"start":{"line":23,"column":34},"end":{"line":23,"column":51}},"type":"default-arg","locations":[{"start":{"line":23,"column":50},"end":{"line":23,"column":51}}]},"2":{"loc":{"start":{"line":39,"column":76},"end":{"line":39,"column":92}},"type":"default-arg","locations":[{"start":{"line":39,"column":91},"end":{"line":39,"column":92}}]},"3":{"loc":{"start":{"line":39,"column":94},"end":{"line":39,"column":112}},"type":"default-arg","locations":[{"start":{"line":39,"column":110},"end":{"line":39,"column":112}}]},"4":{"loc":{"start":{"line":43,"column":4},"end":{"line":47,"column":5}},"type":"if","locations":[{"start":{"line":43,"column":4},"end":{"line":47,"column":5}},{"start":{"line":45,"column":11},"end":{"line":47,"column":5}}]},"5":{"loc":{"start":{"line":45,"column":11},"end":{"line":47,"column":5}},"type":"if","locations":[{"start":{"line":45,"column":11},"end":{"line":47,"column":5}},{"start":{},"end":{}}]},"6":{"loc":{"start":{"line":6,"column":30},"end":{"line":6,"column":46}},"type":"cond-expr","locations":[{"start":{"line":6,"column":43},"end":{"line":6,"column":46}},{"start":{"line":6,"column":43},"end":{"line":6,"column":46}}]},"7":{"loc":{"start":{"line":6,"column":30},"end":{"line":6,"column":43}},"type":"binary-expr","locations":[{"start":{"line":6,"column":30},"end":{"line":6,"column":46}},{"start":{"line":6,"column":30},"end":{"line":6,"column":43}}]}},"s":{"0":0,"1":0,"2":0,"3":0,"4":0,"5":0,"6":0,"7":0,"8":0,"9":0,"10":0,"11":0,"12":0,"13":0,"14":0,"15":0,"16":0,"17":0,"18":0},"f":{"0":0,"1":0,"2":0,"3":0,"4":0,"5":0},"b":{"0":[0,0],"1":[0],"2":[0],"3":[0],"4":[0,0],"5":[0,0],"6":[0,0],"7":[0,0]}}
,"D:\\fatawa-backend\\src\\modules\\fatawa\\fatawa.service.ts": {"path":"D:\\fatawa-backend\\src\\modules\\fatawa\\fatawa.service.ts","statementMap":{"0":{"start":{"line":1,"column":0},"end":{"line":1,"column":63}},"1":{"start":{"line":2,"column":0},"end":{"line":2,"column":55}},"2":{"start":{"line":5,"column":7},"end":{"line":31,"column":null}},"3":{"start":{"line":6,"column":31},"end":{"line":6,"column":43}},"4":{"start":{"line":9,"column":18},"end":{"line":9,"column":56}},"5":{"start":{"line":10,"column":4},"end":{"line":12,"column":5}},"6":{"start":{"line":11,"column":6},"end":{"line":11,"column":53}},"7":{"start":{"line":13,"column":4},"end":{"line":13,"column":17}},"8":{"start":{"line":17,"column":4},"end":{"line":17,"column":45}},"9":{"start":{"line":21,"column":4},"end":{"line":21,"column":78}},"10":{"start":{"line":25,"column":4},"end":{"line":25,"column":41}},"11":{"start":{"line":29,"column":4},"end":{"line":29,"column":43}},"12":{"start":{"line":5,"column":13},"end":{"line":5,"column":26}},"13":{"start":{"line":5,"column":13},"end":{"line":31,"column":null}}},"fnMap":{"0":{"name":"(anonymous_2)","decl":{"start":{"line":6,"column":2},"end":{"line":6,"column":31}},"loc":{"start":{"line":6,"column":59},"end":{"line":6,"column":63}}},"1":{"name":"(anonymous_3)","decl":{"start":{"line":8,"column":2},"end":{"line":8,"column":7}},"loc":{"start":{"line":8,"column":35},"end":{"line":14,"column":3}}},"2":{"name":"(anonymous_4)","decl":{"start":{"line":16,"column":2},"end":{"line":16,"column":7}},"loc":{"start":{"line":16,"column":37},"end":{"line":18,"column":3}}},"3":{"name":"(anonymous_5)","decl":{"start":{"line":20,"column":2},"end":{"line":20,"column":7}},"loc":{"start":{"line":20,"column":108},"end":{"line":22,"column":3}}},"4":{"name":"(anonymous_6)","decl":{"start":{"line":24,"column":2},"end":{"line":24,"column":7}},"loc":{"start":{"line":24,"column":19},"end":{"line":26,"column":3}}},"5":{"name":"(anonymous_7)","decl":{"start":{"line":28,"column":2},"end":{"line":28,"column":7}},"loc":{"start":{"line":28,"column":21},"end":{"line":30,"column":3}}}},"branchMap":{"0":{"loc":{"start":{"line":10,"column":4},"end":{"line":12,"column":5}},"type":"if","locations":[{"start":{"line":10,"column":4},"end":{"line":12,"column":5}},{"start":{},"end":{}}]},"1":{"loc":{"start":{"line":6,"column":43},"end":{"line":6,"column":62}},"type":"cond-expr","locations":[{"start":{"line":6,"column":59},"end":{"line":6,"column":62}},{"start":{"line":6,"column":59},"end":{"line":6,"column":62}}]},"2":{"loc":{"start":{"line":6,"column":43},"end":{"line":6,"column":59}},"type":"binary-expr","locations":[{"start":{"line":6,"column":43},"end":{"line":6,"column":62}},{"start":{"line":6,"column":43},"end":{"line":6,"column":59}}]}},"s":{"0":0,"1":0,"2":0,"3":0,"4":0,"5":0,"6":0,"7":0,"8":0,"9":0,"10":0,"11":0,"12":0,"13":0},"f":{"0":0,"1":0,"2":0,"3":0,"4":0,"5":0},"b":{"0":[0,0],"1":[0,0],"2":[0,0]}}
,"D:\\fatawa-backend\\src\\modules\\fatawa\\scholars.controller.ts": {"path":"D:\\fatawa-backend\\src\\modules\\fatawa\\scholars.controller.ts","statementMap":{"0":{"start":{"line":1,"column":0},"end":{"line":1,"column":49}},"1":{"start":{"line":2,"column":0},"end":{"line":2,"column":49}},"2":{"start":{"line":3,"column":0},"end":{"line":3,"column":69}},"3":{"start":{"line":7,"column":7},"end":{"line":16,"column":null}},"4":{"start":{"line":8,"column":31},"end":{"line":8,"column":46}},"5":{"start":{"line":14,"column":4},"end":{"line":14,"column":44}},"6":{"start":{"line":7,"column":13},"end":{"line":7,"column":31}},"7":{"start":{"line":13,"column":8},"end":{"line":15,"column":null}},"8":{"start":{"line":7,"column":13},"end":{"line":16,"column":null}}},"fnMap":{"0":{"name":"(anonymous_2)","decl":{"start":{"line":8,"column":2},"end":{"line":8,"column":31}},"loc":{"start":{"line":8,"column":59},"end":{"line":8,"column":63}}},"1":{"name":"(anonymous_3)","decl":{"start":{"line":13,"column":8},"end":{"line":13,"column":19}},"loc":{"start":{"line":13,"column":19},"end":{"line":15,"column":3}}}},"branchMap":{"0":{"loc":{"start":{"line":8,"column":46},"end":{"line":8,"column":62}},"type":"cond-expr","locations":[{"start":{"line":8,"column":59},"end":{"line":8,"column":62}},{"start":{"line":8,"column":59},"end":{"line":8,"column":62}}]},"1":{"loc":{"start":{"line":8,"column":46},"end":{"line":8,"column":59}},"type":"binary-expr","locations":[{"start":{"line":8,"column":46},"end":{"line":8,"column":62}},{"start":{"line":8,"column":46},"end":{"line":8,"column":59}}]}},"s":{"0":0,"1":0,"2":0,"3":0,"4":0,"5":0,"6":0,"7":0,"8":0},"f":{"0":0,"1":0},"b":{"0":[0,0],"1":[0,0]}}
,"D:\\fatawa-backend\\src\\modules\\importer\\importer.module.ts": {"path":"D:\\fatawa-backend\\src\\modules\\importer\\importer.module.ts","statementMap":{"0":{"start":{"line":1,"column":0},"end":{"line":1,"column":40}},"1":{"start":{"line":2,"column":0},"end":{"line":2,"column":44}},"2":{"start":{"line":3,"column":0},"end":{"line":3,"column":53}},"3":{"start":{"line":4,"column":0},"end":{"line":4,"column":57}},"4":{"start":{"line":5,"column":0},"end":{"line":5,"column":59}},"5":{"start":{"line":6,"column":0},"end":{"line":6,"column":65}},"6":{"start":{"line":7,"column":0},"end":{"line":7,"column":59}},"7":{"start":{"line":8,"column":0},"end":{"line":8,"column":74}},"8":{"start":{"line":9,"column":0},"end":{"line":9,"column":79}},"9":{"start":{"line":11,"column":0},"end":{"line":11,"column":55}},"10":{"start":{"line":31,"column":7},"end":{"line":31,"column":null}},"11":{"start":{"line":31,"column":13},"end":{"line":31,"column":27}},"12":{"start":{"line":31,"column":13},"end":{"line":31,"column":null}}},"fnMap":{},"branchMap":{},"s":{"0":0,"1":0,"2":0,"3":0,"4":0,"5":0,"6":0,"7":0,"8":0,"9":0,"10":0,"11":0,"12":0},"f":{},"b":{}}
,"D:\\fatawa-backend\\src\\modules\\importer\\importer.processor.ts": {"path":"D:\\fatawa-backend\\src\\modules\\importer\\importer.processor.ts","statementMap":{"0":{"start":{"line":1,"column":0},"end":{"line":1,"column":55}},"1":{"start":{"line":3,"column":0},"end":{"line":3,"column":40}},"2":{"start":{"line":4,"column":0},"end":{"line":4,"column":53}},"3":{"start":{"line":7,"column":30},"end":{"line":22,"column":null}},"4":{"start":{"line":8,"column":28},"end":{"line":8,"column":62}},"5":{"start":{"line":11,"column":4},"end":{"line":11,"column":12}},"6":{"start":{"line":10,"column":31},"end":{"line":10,"column":48}},"7":{"start":{"line":15,"column":4},"end":{"line":15,"column":68}},"8":{"start":{"line":17,"column":4},"end":{"line":20,"column":5}},"9":{"start":{"line":18,"column":25},"end":{"line":18,"column":44}},"10":{"start":{"line":19,"column":6},"end":{"line":19,"column":60}},"11":{"start":{"line":7,"column":13},"end":{"line":7,"column":30}},"12":{"start":{"line":7,"column":13},"end":{"line":22,"column":null}}},"fnMap":{"0":{"name":"(anonymous_2)","decl":{"start":{"line":10,"column":2},"end":{"line":10,"column":31}},"loc":{"start":{"line":10,"column":63},"end":{"line":12,"column":3}}},"1":{"name":"(anonymous_3)","decl":{"start":{"line":14,"column":2},"end":{"line":14,"column":7}},"loc":{"start":{"line":14,"column":42},"end":{"line":21,"column":3}}}},"branchMap":{"0":{"loc":{"start":{"line":17,"column":4},"end":{"line":20,"column":5}},"type":"if","locations":[{"start":{"line":17,"column":4},"end":{"line":20,"column":5}},{"start":{},"end":{}}]},"1":{"loc":{"start":{"line":10,"column":48},"end":{"line":10,"column":null}},"type":"cond-expr","locations":[{"start":{"line":10,"column":63},"end":{"line":10,"column":null}},{"start":{"line":10,"column":63},"end":{"line":10,"column":null}}]},"2":{"loc":{"start":{"line":10,"column":48},"end":{"line":10,"column":63}},"type":"binary-expr","locations":[{"start":{"line":10,"column":48},"end":{"line":10,"column":null}},{"start":{"line":10,"column":48},"end":{"line":10,"column":63}}]}},"s":{"0":1,"1":1,"2":1,"3":1,"4":3,"5":3,"6":3,"7":2,"8":2,"9":1,"10":1,"11":1,"12":1},"f":{"0":3,"1":2},"b":{"0":[1,1],"1":[1,0],"2":[1,1]}}
,"D:\\fatawa-backend\\src\\modules\\importer\\importer.service.ts": {"path":"D:\\fatawa-backend\\src\\modules\\importer\\importer.service.ts","statementMap":{"0":{"start":{"line":1,"column":0},"end":{"line":1,"column":66}},"1":{"start":{"line":2,"column":0},"end":{"line":2,"column":45}},"2":{"start":{"line":3,"column":0},"end":{"line":3,"column":31}},"3":{"start":{"line":6,"column":0},"end":{"line":6,"column":59}},"4":{"start":{"line":7,"column":0},"end":{"line":7,"column":65}},"5":{"start":{"line":8,"column":0},"end":{"line":8,"column":59}},"6":{"start":{"line":9,"column":0},"end":{"line":9,"column":74}},"7":{"start":{"line":10,"column":0},"end":{"line":10,"column":55}},"8":{"start":{"line":11,"column":0},"end":{"line":11,"column":63}},"9":{"start":{"line":12,"column":0},"end":{"line":12,"column":56}},"10":{"start":{"line":15,"column":28},"end":{"line":93,"column":null}},"11":{"start":{"line":16,"column":28},"end":{"line":16,"column":60}},"12":{"start":{"line":17,"column":44},"end":{"line":17,"column":53}},"13":{"start":{"line":20,"column":41},"end":{"line":20,"column":54}},"14":{"start":{"line":21,"column":12},"end":{"line":21,"column":28}},"15":{"start":{"line":22,"column":12},"end":{"line":22,"column":31}},"16":{"start":{"line":23,"column":12},"end":{"line":23,"column":28}},"17":{"start":{"line":24,"column":12},"end":{"line":24,"column":31}},"18":{"start":{"line":25,"column":12},"end":{"line":25,"column":26}},"19":{"start":{"line":26,"column":12},"end":{"line":26,"column":30}},"20":{"start":{"line":28,"column":4},"end":{"line":28,"column":45}},"21":{"start":{"line":29,"column":4},"end":{"line":29,"column":48}},"22":{"start":{"line":30,"column":4},"end":{"line":30,"column":45}},"23":{"start":{"line":31,"column":4},"end":{"line":31,"column":48}},"24":{"start":{"line":38,"column":4},"end":{"line":38,"column":48}},"25":{"start":{"line":39,"column":4},"end":{"line":39,"column":72}},"26":{"start":{"line":43,"column":4},"end":{"line":49,"column":5}},"27":{"start":{"line":44,"column":6},"end":{"line":46,"column":7}},"28":{"start":{"line":45,"column":8},"end":{"line":45,"column":71}},"29":{"start":{"line":47,"column":6},"end":{"line":47,"column":58}},"30":{"start":{"line":48,"column":6},"end":{"line":48,"column":77}},"31":{"start":{"line":51,"column":4},"end":{"line":53,"column":5}},"32":{"start":{"line":52,"column":6},"end":{"line":52,"column":56}},"33":{"start":{"line":54,"column":4},"end":{"line":54,"column":61}},"34":{"start":{"line":55,"column":4},"end":{"line":55,"column":58}},"35":{"start":{"line":56,"column":4},"end":{"line":56,"column":76}},"36":{"start":{"line":60,"column":19},"end":{"line":60,"column":47}},"37":{"start":{"line":61,"column":4},"end":{"line":61,"column":71}},"38":{"start":{"line":61,"column":17},"end":{"line":61,"column":71}},"39":{"start":{"line":63,"column":4},"end":{"line":63,"column":77}},"40":{"start":{"line":64,"column":19},"end":{"line":64,"column":51}},"41":{"start":{"line":66,"column":4},"end":{"line":71,"column":6}},"42":{"start":{"line":76,"column":4},"end":{"line":76,"column":18}},"43":{"start":{"line":82,"column":4},"end":{"line":82,"column":68}},"44":{"start":{"line":83,"column":4},"end":{"line":87,"column":5}},"45":{"start":{"line":84,"column":6},"end":{"line":84,"column":39}},"46":{"start":{"line":86,"column":6},"end":{"line":86,"column":68}},"47":{"start":{"line":91,"column":4},"end":{"line":91,"column":31}},"48":{"start":{"line":15,"column":13},"end":{"line":15,"column":28}},"49":{"start":{"line":81,"column":8},"end":{"line":88,"column":null}},"50":{"start":{"line":15,"column":13},"end":{"line":93,"column":null}}},"fnMap":{"0":{"name":"(anonymous_4)","decl":{"start":{"line":19,"column":2},"end":{"line":19,"column":null}},"loc":{"start":{"line":26,"column":46},"end":{"line":32,"column":3}}},"1":{"name":"(anonymous_5)","decl":{"start":{"line":34,"column":2},"end":{"line":34,"column":14}},"loc":{"start":{"line":34,"column":14},"end":{"line":35,"column":3}}},"2":{"name":"(anonymous_6)","decl":{"start":{"line":37,"column":10},"end":{"line":37,"column":24}},"loc":{"start":{"line":37,"column":42},"end":{"line":40,"column":3}}},"3":{"name":"(anonymous_7)","decl":{"start":{"line":42,"column":2},"end":{"line":42,"column":7}},"loc":{"start":{"line":42,"column":41},"end":{"line":57,"column":3}}},"4":{"name":"(anonymous_8)","decl":{"start":{"line":59,"column":2},"end":{"line":59,"column":7}},"loc":{"start":{"line":59,"column":40},"end":{"line":77,"column":3}}},"5":{"name":"(anonymous_9)","decl":{"start":{"line":81,"column":8},"end":{"line":81,"column":18}},"loc":{"start":{"line":81,"column":18},"end":{"line":88,"column":3}}},"6":{"name":"(anonymous_10)","decl":{"start":{"line":90,"column":2},"end":{"line":90,"column":15}},"loc":{"start":{"line":90,"column":15},"end":{"line":92,"column":3}}}},"branchMap":{"0":{"loc":{"start":{"line":43,"column":4},"end":{"line":49,"column":5}},"type":"if","locations":[{"start":{"line":43,"column":4},"end":{"line":49,"column":5}},{"start":{},"end":{}}]},"1":{"loc":{"start":{"line":51,"column":4},"end":{"line":53,"column":5}},"type":"if","locations":[{"start":{"line":51,"column":4},"end":{"line":53,"column":5}},{"start":{},"end":{}}]},"2":{"loc":{"start":{"line":61,"column":4},"end":{"line":61,"column":71}},"type":"if","locations":[{"start":{"line":61,"column":4},"end":{"line":61,"column":71}},{"start":{},"end":{}}]},"3":{"loc":{"start":{"line":20,"column":54},"end":{"line":20,"column":null}},"type":"cond-expr","locations":[{"start":{"line":20,"column":59},"end":{"line":20,"column":null}},{"start":{"line":20,"column":59},"end":{"line":20,"column":null}}]},"4":{"loc":{"start":{"line":20,"column":54},"end":{"line":20,"column":59}},"type":"binary-expr","locations":[{"start":{"line":20,"column":54},"end":{"line":20,"column":null}},{"start":{"line":20,"column":54},"end":{"line":20,"column":59}}]},"5":{"loc":{"start":{"line":20,"column":59},"end":{"line":21,"column":null}},"type":"cond-expr","locations":[{"start":{"line":21,"column":42},"end":{"line":21,"column":null}},{"start":{"line":21,"column":42},"end":{"line":21,"column":null}}]},"6":{"loc":{"start":{"line":20,"column":59},"end":{"line":21,"column":42}},"type":"binary-expr","locations":[{"start":{"line":20,"column":59},"end":{"line":21,"column":null}},{"start":{"line":21,"column":28},"end":{"line":21,"column":42}}]},"7":{"loc":{"start":{"line":21,"column":42},"end":{"line":22,"column":null}},"type":"cond-expr","locations":[{"start":{"line":22,"column":48},"end":{"line":22,"column":null}},{"start":{"line":22,"column":48},"end":{"line":22,"column":null}}]},"8":{"loc":{"start":{"line":21,"column":42},"end":{"line":22,"column":48}},"type":"binary-expr","locations":[{"start":{"line":21,"column":42},"end":{"line":22,"column":null}},{"start":{"line":22,"column":31},"end":{"line":22,"column":48}}]},"9":{"loc":{"start":{"line":22,"column":48},"end":{"line":23,"column":null}},"type":"cond-expr","locations":[{"start":{"line":23,"column":42},"end":{"line":23,"column":null}},{"start":{"line":23,"column":42},"end":{"line":23,"column":null}}]},"10":{"loc":{"start":{"line":22,"column":48},"end":{"line":23,"column":42}},"type":"binary-expr","locations":[{"start":{"line":22,"column":48},"end":{"line":23,"column":null}},{"start":{"line":23,"column":28},"end":{"line":23,"column":42}}]},"11":{"loc":{"start":{"line":23,"column":42},"end":{"line":24,"column":null}},"type":"cond-expr","locations":[{"start":{"line":24,"column":57},"end":{"line":24,"column":null}},{"start":{"line":24,"column":57},"end":{"line":24,"column":null}}]},"12":{"loc":{"start":{"line":23,"column":42},"end":{"line":24,"column":57}},"type":"binary-expr","locations":[{"start":{"line":23,"column":42},"end":{"line":24,"column":null}},{"start":{"line":24,"column":31},"end":{"line":24,"column":57}}]},"13":{"loc":{"start":{"line":24,"column":57},"end":{"line":25,"column":null}},"type":"cond-expr","locations":[{"start":{"line":25,"column":38},"end":{"line":25,"column":null}},{"start":{"line":25,"column":38},"end":{"line":25,"column":null}}]},"14":{"loc":{"start":{"line":24,"column":57},"end":{"line":25,"column":38}},"type":"binary-expr","locations":[{"start":{"line":24,"column":57},"end":{"line":25,"column":null}},{"start":{"line":25,"column":26},"end":{"line":25,"column":38}}]},"15":{"loc":{"start":{"line":25,"column":38},"end":{"line":26,"column":null}},"type":"cond-expr","locations":[{"start":{"line":26,"column":46},"end":{"line":26,"column":null}},{"start":{"line":26,"column":46},"end":{"line":26,"column":null}}]},"16":{"loc":{"start":{"line":25,"column":38},"end":{"line":26,"column":46}},"type":"binary-expr","locations":[{"start":{"line":25,"column":38},"end":{"line":26,"column":null}},{"start":{"line":26,"column":30},"end":{"line":26,"column":46}}]}},"s":{"0":2,"1":2,"2":2,"3":2,"4":2,"5":2,"6":2,"7":2,"8":2,"9":2,"10":2,"11":8,"12":8,"13":8,"14":8,"15":8,"16":8,"17":8,"18":8,"19":8,"20":8,"21":8,"22":8,"23":8,"24":32,"25":32,"26":3,"27":1,"28":4,"29":1,"30":1,"31":2,"32":1,"33":1,"34":1,"35":1,"36":2,"37":2,"38":1,"39":1,"40":1,"41":1,"42":1,"43":2,"44":2,"45":2,"46":1,"47":0,"48":2,"49":2,"50":2},"f":{"0":8,"1":0,"2":32,"3":3,"4":2,"5":2,"6":0},"b":{"0":[1,2],"1":[1,1],"2":[1,1],"3":[2,0],"4":[2,2],"5":[2,0],"6":[2,2],"7":[2,0],"8":[2,2],"9":[2,0],"10":[2,2],"11":[2,0],"12":[2,2],"13":[2,0],"14":[2,2],"15":[2,0],"16":[2,2]}}
,"D:\\fatawa-backend\\src\\modules\\importer\\plugins\\binbaz.importer.ts": {"path":"D:\\fatawa-backend\\src\\modules\\importer\\plugins\\binbaz.importer.ts","statementMap":{"0":{"start":{"line":1,"column":0},"end":{"line":1,"column":44}},"1":{"start":{"line":2,"column":0},"end":{"line":2,"column":60}},"2":{"start":{"line":3,"column":0},"end":{"line":3,"column":72}},"3":{"start":{"line":4,"column":0},"end":{"line":4,"column":80}},"4":{"start":{"line":8,"column":7},"end":{"line":127,"column":null}},"5":{"start":{"line":9,"column":24},"end":{"line":9,"column":54}},"6":{"start":{"line":10,"column":24},"end":{"line":10,"column":41}},"7":{"start":{"line":11,"column":25},"end":{"line":11,"column":48}},"8":{"start":{"line":17,"column":4},"end":{"line":17,"column":18}},"9":{"start":{"line":14,"column":23},"end":{"line":14,"column":31}},"10":{"start":{"line":15,"column":21},"end":{"line":15,"column":32}},"11":{"start":{"line":21,"column":4},"end":{"line":21,"column":72}},"12":{"start":{"line":22,"column":34},"end":{"line":22,"column":43}},"13":{"start":{"line":23,"column":22},"end":{"line":23,"column":23}},"14":{"start":{"line":24,"column":23},"end":{"line":24,"column":27}},"15":{"start":{"line":26,"column":4},"end":{"line":60,"column":5}},"16":{"start":{"line":27,"column":6},"end":{"line":27,"column":75}},"17":{"start":{"line":28,"column":6},"end":{"line":59,"column":7}},"18":{"start":{"line":29,"column":21},"end":{"line":35,"column":10}},"19":{"start":{"line":33,"column":39},"end":{"line":33,"column":43}},"20":{"start":{"line":37,"column":24},"end":{"line":37,"column":42}},"21":{"start":{"line":38,"column":18},"end":{"line":38,"column":36}},"22":{"start":{"line":40,"column":36},"end":{"line":40,"column":38}},"23":{"start":{"line":41,"column":8},"end":{"line":46,"column":11}},"24":{"start":{"line":42,"column":23},"end":{"line":42,"column":41}},"25":{"start":{"line":43,"column":10},"end":{"line":45,"column":11}},"26":{"start":{"line":44,"column":12},"end":{"line":44,"column":90}},"27":{"start":{"line":48,"column":8},"end":{"line":55,"column":9}},"28":{"start":{"line":49,"column":10},"end":{"line":49,"column":31}},"29":{"start":{"line":51,"column":10},"end":{"line":51,"column":56}},"30":{"start":{"line":51,"column":36},"end":{"line":51,"column":54}},"31":{"start":{"line":52,"column":10},"end":{"line":52,"column":24}},"32":{"start":{"line":54,"column":10},"end":{"line":54,"column":57}},"33":{"start":{"line":54,"column":35},"end":{"line":54,"column":55}},"34":{"start":{"line":57,"column":8},"end":{"line":57,"column":80}},"35":{"start":{"line":58,"column":8},"end":{"line":58,"column":29}},"36":{"start":{"line":62,"column":4},"end":{"line":62,"column":93}},"37":{"start":{"line":65,"column":4},"end":{"line":65,"column":54}},"38":{"start":{"line":65,"column":44},"end":{"line":65,"column":51}},"39":{"start":{"line":70,"column":17},"end":{"line":76,"column":6}},"40":{"start":{"line":74,"column":32},"end":{"line":74,"column":33}},"41":{"start":{"line":79,"column":22},"end":{"line":79,"column":135}},"42":{"start":{"line":82,"column":20},"end":{"line":82,"column":38}},"43":{"start":{"line":83,"column":14},"end":{"line":83,"column":32}},"44":{"start":{"line":84,"column":25},"end":{"line":84,"column":90}},"45":{"start":{"line":85,"column":23},"end":{"line":85,"column":78}},"46":{"start":{"line":87,"column":4},"end":{"line":89,"column":5}},"47":{"start":{"line":88,"column":6},"end":{"line":88,"column":81}},"48":{"start":{"line":92,"column":24},"end":{"line":92,"column":81}},"49":{"start":{"line":94,"column":21},"end":{"line":94,"column":43}},"50":{"start":{"line":95,"column":20},"end":{"line":95,"column":110}},"51":{"start":{"line":95,"column":42},"end":{"line":95,"column":84}},"52":{"start":{"line":98,"column":20},"end":{"line":102,"column":6}},"53":{"start":{"line":105,"column":25},"end":{"line":105,"column":85}},"54":{"start":{"line":106,"column":25},"end":{"line":106,"column":103}},"55":{"start":{"line":107,"column":21},"end":{"line":111,"column":6}},"56":{"start":{"line":113,"column":21},"end":{"line":113,"column":52}},"57":{"start":{"line":114,"column":24},"end":{"line":114,"column":66}},"58":{"start":{"line":116,"column":4},"end":{"line":125,"column":6}},"59":{"start":{"line":8,"column":13},"end":{"line":8,"column":27}},"60":{"start":{"line":8,"column":13},"end":{"line":127,"column":null}}},"fnMap":{"0":{"name":"(anonymous_2)","decl":{"start":{"line":13,"column":2},"end":{"line":13,"column":null}},"loc":{"start":{"line":15,"column":55},"end":{"line":18,"column":3}}},"1":{"name":"(anonymous_3)","decl":{"start":{"line":20,"column":2},"end":{"line":20,"column":7}},"loc":{"start":{"line":20,"column":21},"end":{"line":66,"column":3}}},"2":{"name":"(anonymous_4)","decl":{"start":{"line":33,"column":23},"end":{"line":33,"column":28}},"loc":{"start":{"line":33,"column":39},"end":{"line":33,"column":43}}},"3":{"name":"(anonymous_5)","decl":{"start":{"line":41,"column":34},"end":{"line":41,"column":35}},"loc":{"start":{"line":41,"column":44},"end":{"line":46,"column":9}}},"4":{"name":"(anonymous_6)","decl":{"start":{"line":51,"column":28},"end":{"line":51,"column":32}},"loc":{"start":{"line":51,"column":36},"end":{"line":51,"column":54}}},"5":{"name":"(anonymous_7)","decl":{"start":{"line":54,"column":28},"end":{"line":54,"column":31}},"loc":{"start":{"line":54,"column":35},"end":{"line":54,"column":55}}},"6":{"name":"(anonymous_8)","decl":{"start":{"line":65,"column":36},"end":{"line":65,"column":39}},"loc":{"start":{"line":65,"column":44},"end":{"line":65,"column":51}}},"7":{"name":"(anonymous_9)","decl":{"start":{"line":68,"column":2},"end":{"line":68,"column":7}},"loc":{"start":{"line":68,"column":49},"end":{"line":126,"column":3}}},"8":{"name":"(anonymous_10)","decl":{"start":{"line":74,"column":19},"end":{"line":74,"column":24}},"loc":{"start":{"line":74,"column":32},"end":{"line":74,"column":33}}},"9":{"name":"(anonymous_11)","decl":{"start":{"line":95,"column":34},"end":{"line":95,"column":38}},"loc":{"start":{"line":95,"column":42},"end":{"line":95,"column":84}}}},"branchMap":{"0":{"loc":{"start":{"line":43,"column":10},"end":{"line":45,"column":11}},"type":"if","locations":[{"start":{"line":43,"column":10},"end":{"line":45,"column":11}},{"start":{},"end":{}}]},"1":{"loc":{"start":{"line":43,"column":14},"end":{"line":43,"column":47}},"type":"binary-expr","locations":[{"start":{"line":43,"column":14},"end":{"line":43,"column":18}},{"start":{"line":43,"column":22},"end":{"line":43,"column":47}}]},"2":{"loc":{"start":{"line":44,"column":27},"end":{"line":44,"column":88}},"type":"cond-expr","locations":[{"start":{"line":44,"column":53},"end":{"line":44,"column":57}},{"start":{"line":44,"column":60},"end":{"line":44,"column":88}}]},"3":{"loc":{"start":{"line":48,"column":8},"end":{"line":55,"column":9}},"type":"if","locations":[{"start":{"line":48,"column":8},"end":{"line":55,"column":9}},{"start":{"line":50,"column":15},"end":{"line":55,"column":9}}]},"4":{"loc":{"start":{"line":84,"column":25},"end":{"line":84,"column":90}},"type":"binary-expr","locations":[{"start":{"line":84,"column":25},"end":{"line":84,"column":68}},{"start":{"line":84,"column":72},"end":{"line":84,"column":90}}]},"5":{"loc":{"start":{"line":85,"column":23},"end":{"line":85,"column":78}},"type":"binary-expr","locations":[{"start":{"line":85,"column":23},"end":{"line":85,"column":58}},{"start":{"line":85,"column":62},"end":{"line":85,"column":78}}]},"6":{"loc":{"start":{"line":87,"column":4},"end":{"line":89,"column":5}},"type":"if","locations":[{"start":{"line":87,"column":4},"end":{"line":89,"column":5}},{"start":{},"end":{}}]},"7":{"loc":{"start":{"line":87,"column":8},"end":{"line":87,"column":36}},"type":"binary-expr","locations":[{"start":{"line":87,"column":8},"end":{"line":87,"column":21}},{"start":{"line":87,"column":25},"end":{"line":87,"column":36}}]},"8":{"loc":{"start":{"line":95,"column":20},"end":{"line":95,"column":110}},"type":"binary-expr","locations":[{"start":{"line":95,"column":20},"end":{"line":95,"column":85}},{"start":{"line":95,"column":89},"end":{"line":95,"column":110}}]},"9":{"loc":{"start":{"line":95,"column":42},"end":{"line":95,"column":84}},"type":"binary-expr","locations":[{"start":{"line":95,"column":42},"end":{"line":95,"column":60}},{"start":{"line":95,"column":64},"end":{"line":95,"column":84}}]},"10":{"loc":{"start":{"line":105,"column":25},"end":{"line":105,"column":85}},"type":"binary-expr","locations":[{"start":{"line":105,"column":25},"end":{"line":105,"column":69}},{"start":{"line":105,"column":73},"end":{"line":105,"column":85}}]},"11":{"loc":{"start":{"line":106,"column":25},"end":{"line":106,"column":103}},"type":"cond-expr","locations":[{"start":{"line":106,"column":57},"end":{"line":106,"column":66}},{"start":{"line":106,"column":69},"end":{"line":106,"column":103}}]},"12":{"loc":{"start":{"line":113,"column":21},"end":{"line":113,"column":52}},"type":"binary-expr","locations":[{"start":{"line":113,"column":21},"end":{"line":113,"column":46}},{"start":{"line":113,"column":50},"end":{"line":113,"column":52}}]},"13":{"loc":{"start":{"line":114,"column":24},"end":{"line":114,"column":66}},"type":"cond-expr","locations":[{"start":{"line":114,"column":35},"end":{"line":114,"column":53}},{"start":{"line":114,"column":56},"end":{"line":114,"column":66}}]},"14":{"loc":{"start":{"line":14,"column":31},"end":{"line":14,"column":null}},"type":"cond-expr","locations":[{"start":{"line":14,"column":44},"end":{"line":14,"column":null}},{"start":{"line":14,"column":44},"end":{"line":14,"column":null}}]},"15":{"loc":{"start":{"line":14,"column":31},"end":{"line":14,"column":44}},"type":"binary-expr","locations":[{"start":{"line":14,"column":31},"end":{"line":14,"column":null}},{"start":{"line":14,"column":31},"end":{"line":14,"column":44}}]},"16":{"loc":{"start":{"line":14,"column":44},"end":{"line":15,"column":null}},"type":"cond-expr","locations":[{"start":{"line":15,"column":55},"end":{"line":15,"column":null}},{"start":{"line":15,"column":55},"end":{"line":15,"column":null}}]},"17":{"loc":{"start":{"line":14,"column":44},"end":{"line":15,"column":55}},"type":"binary-expr","locations":[{"start":{"line":14,"column":44},"end":{"line":15,"column":null}},{"start":{"line":15,"column":32},"end":{"line":15,"column":55}}]}},"s":{"0":2,"1":2,"2":2,"3":2,"4":2,"5":0,"6":0,"7":0,"8":0,"9":0,"10":0,"11":0,"12":0,"13":0,"14":0,"15":0,"16":0,"17":0,"18":0,"19":0,"20":0,"21":0,"22":0,"23":0,"24":0,"25":0,"26":0,"27":0,"28":0,"29":0,"30":0,"31":0,"32":0,"33":0,"34":0,"35":0,"36":0,"37":0,"38":0,"39":0,"40":0,"41":0,"42":0,"43":0,"44":0,"45":0,"46":0,"47":0,"48":0,"49":0,"50":0,"51":0,"52":0,"53":0,"54":0,"55":0,"56":0,"57":0,"58":0,"59":2,"60":2},"f":{"0":0,"1":0,"2":0,"3":0,"4":0,"5":0,"6":0,"7":0,"8":0,"9":0},"b":{"0":[0,0],"1":[0,0],"2":[0,0],"3":[0,0],"4":[0,0],"5":[0,0],"6":[0,0],"7":[0,0],"8":[0,0],"9":[0,0],"10":[0,0],"11":[0,0],"12":[0,0],"13":[0,0],"14":[2,0],"15":[2,2],"16":[2,0],"17":[2,2]}}
,"D:\\fatawa-backend\\src\\modules\\importer\\plugins\\committee.importer.ts": {"path":"D:\\fatawa-backend\\src\\modules\\importer\\plugins\\committee.importer.ts","statementMap":{"0":{"start":{"line":1,"column":0},"end":{"line":1,"column":44}},"1":{"start":{"line":2,"column":0},"end":{"line":2,"column":60}},"2":{"start":{"line":3,"column":0},"end":{"line":3,"column":72}},"3":{"start":{"line":4,"column":0},"end":{"line":4,"column":80}},"4":{"start":{"line":8,"column":7},"end":{"line":119,"column":null}},"5":{"start":{"line":9,"column":24},"end":{"line":9,"column":64}},"6":{"start":{"line":10,"column":24},"end":{"line":10,"column":44}},"7":{"start":{"line":11,"column":25},"end":{"line":11,"column":48}},"8":{"start":{"line":17,"column":4},"end":{"line":17,"column":18}},"9":{"start":{"line":14,"column":23},"end":{"line":14,"column":31}},"10":{"start":{"line":15,"column":21},"end":{"line":15,"column":32}},"11":{"start":{"line":21,"column":4},"end":{"line":21,"column":72}},"12":{"start":{"line":22,"column":34},"end":{"line":22,"column":43}},"13":{"start":{"line":23,"column":22},"end":{"line":23,"column":23}},"14":{"start":{"line":24,"column":23},"end":{"line":24,"column":27}},"15":{"start":{"line":26,"column":4},"end":{"line":70,"column":5}},"16":{"start":{"line":27,"column":6},"end":{"line":27,"column":75}},"17":{"start":{"line":28,"column":6},"end":{"line":69,"column":7}},"18":{"start":{"line":29,"column":21},"end":{"line":35,"column":10}},"19":{"start":{"line":33,"column":39},"end":{"line":33,"column":43}},"20":{"start":{"line":37,"column":24},"end":{"line":37,"column":42}},"21":{"start":{"line":38,"column":18},"end":{"line":38,"column":36}},"22":{"start":{"line":40,"column":36},"end":{"line":40,"column":38}},"23":{"start":{"line":41,"column":8},"end":{"line":46,"column":11}},"24":{"start":{"line":42,"column":23},"end":{"line":42,"column":41}},"25":{"start":{"line":43,"column":10},"end":{"line":45,"column":11}},"26":{"start":{"line":44,"column":12},"end":{"line":44,"column":90}},"27":{"start":{"line":48,"column":8},"end":{"line":65,"column":9}},"28":{"start":{"line":49,"column":10},"end":{"line":49,"column":31}},"29":{"start":{"line":51,"column":25},"end":{"line":51,"column":30}},"30":{"start":{"line":52,"column":10},"end":{"line":57,"column":13}},"31":{"start":{"line":53,"column":12},"end":{"line":56,"column":13}},"32":{"start":{"line":54,"column":14},"end":{"line":54,"column":33}},"33":{"start":{"line":55,"column":14},"end":{"line":55,"column":30}},"34":{"start":{"line":59,"column":10},"end":{"line":64,"column":11}},"35":{"start":{"line":60,"column":12},"end":{"line":60,"column":33}},"36":{"start":{"line":62,"column":12},"end":{"line":62,"column":26}},"37":{"start":{"line":63,"column":12},"end":{"line":63,"column":59}},"38":{"start":{"line":63,"column":37},"end":{"line":63,"column":57}},"39":{"start":{"line":67,"column":8},"end":{"line":67,"column":80}},"40":{"start":{"line":68,"column":8},"end":{"line":68,"column":29}},"41":{"start":{"line":72,"column":4},"end":{"line":72,"column":93}},"42":{"start":{"line":73,"column":4},"end":{"line":73,"column":54}},"43":{"start":{"line":73,"column":44},"end":{"line":73,"column":51}},"44":{"start":{"line":77,"column":17},"end":{"line":83,"column":6}},"45":{"start":{"line":81,"column":32},"end":{"line":81,"column":33}},"46":{"start":{"line":85,"column":22},"end":{"line":85,"column":103}},"47":{"start":{"line":87,"column":4},"end":{"line":89,"column":5}},"48":{"start":{"line":88,"column":6},"end":{"line":88,"column":81}},"49":{"start":{"line":91,"column":24},"end":{"line":91,"column":81}},"50":{"start":{"line":93,"column":21},"end":{"line":93,"column":43}},"51":{"start":{"line":94,"column":20},"end":{"line":94,"column":110}},"52":{"start":{"line":94,"column":42},"end":{"line":94,"column":84}},"53":{"start":{"line":96,"column":20},"end":{"line":100,"column":6}},"54":{"start":{"line":102,"column":21},"end":{"line":106,"column":6}},"55":{"start":{"line":108,"column":4},"end":{"line":117,"column":6}},"56":{"start":{"line":8,"column":13},"end":{"line":8,"column":39}},"57":{"start":{"line":8,"column":13},"end":{"line":119,"column":null}}},"fnMap":{"0":{"name":"(anonymous_2)","decl":{"start":{"line":13,"column":2},"end":{"line":13,"column":null}},"loc":{"start":{"line":15,"column":55},"end":{"line":18,"column":3}}},"1":{"name":"(anonymous_3)","decl":{"start":{"line":20,"column":2},"end":{"line":20,"column":7}},"loc":{"start":{"line":20,"column":21},"end":{"line":74,"column":3}}},"2":{"name":"(anonymous_4)","decl":{"start":{"line":33,"column":23},"end":{"line":33,"column":28}},"loc":{"start":{"line":33,"column":39},"end":{"line":33,"column":43}}},"3":{"name":"(anonymous_5)","decl":{"start":{"line":41,"column":20},"end":{"line":41,"column":21
[...]
"line":133,"column":38}}]},"13":{"loc":{"start":{"line":134,"column":16},"end":{"line":134,"column":34}},"type":"binary-expr","locations":[{"start":{"line":134,"column":16},"end":{"line":134,"column":28}},{"start":{"line":134,"column":32},"end":{"line":134,"column":34}}]},"14":{"loc":{"start":{"line":135,"column":17},"end":{"line":135,"column":51}},"type":"binary-expr","locations":[{"start":{"line":135,"column":17},"end":{"line":135,"column":36}},{"start":{"line":135,"column":40},"end":{"line":135,"column":51}}]},"15":{"loc":{"start":{"line":136,"column":18},"end":{"line":136,"column":52}},"type":"binary-expr","locations":[{"start":{"line":136,"column":18},"end":{"line":136,"column":38}},{"start":{"line":136,"column":42},"end":{"line":136,"column":52}}]},"16":{"loc":{"start":{"line":137,"column":16},"end":{"line":137,"column":49}},"type":"binary-expr","locations":[{"start":{"line":137,"column":16},"end":{"line":137,"column":34}},{"start":{"line":137,"column":38},"end":{"line":137,"column":49}}]},"17":{"loc":{"start":{"line":174,"column":6},"end":{"line":180,"column":7}},"type":"if","locations":[{"start":{"line":174,"column":6},"end":{"line":180,"column":7}},{"start":{"line":176,"column":13},"end":{"line":180,"column":7}}]},"18":{"loc":{"start":{"line":176,"column":13},"end":{"line":180,"column":7}},"type":"if","locations":[{"start":{"line":176,"column":13},"end":{"line":180,"column":7}},{"start":{"line":178,"column":13},"end":{"line":180,"column":7}}]},"19":{"loc":{"start":{"line":178,"column":13},"end":{"line":180,"column":7}},"type":"if","locations":[{"start":{"line":178,"column":13},"end":{"line":180,"column":7}},{"start":{},"end":{}}]},"20":{"loc":{"start":{"line":21,"column":39},"end":{"line":21,"column":55}},"type":"cond-expr","locations":[{"start":{"line":21,"column":52},"end":{"line":21,"column":55}},{"start":{"line":21,"column":52},"end":{"line":21,"column":55}}]},"21":{"loc":{"start":{"line":21,"column":39},"end":{"line":21,"column":52}},"type":"binary-expr","locations":[{"start":{"line":21,"column":39},"end":{"line":21,"column":55}},{"start":{"line":21,"column":39},"end":{"line":21,"column":52}}]}},"s":{"0":2,"1":2,"2":2,"3":2,"4":0,"5":0,"6":0,"7":0,"8":0,"9":0,"10":0,"11":0,"12":0,"13":0,"14":0,"15":0,"16":0,"17":0,"18":0,"19":0,"20":0,"21":0,"22":0,"23":0,"24":0,"25":0,"26":0,"27":0,"28":0,"29":0,"30":0,"31":0,"32":0,"33":0,"34":0,"35":0,"36":0,"37":0,"38":0,"39":0,"40":0,"41":0,"42":0,"43":0,"44":0,"45":0,"46":0,"47":0,"48":0,"49":0,"50":0,"51":0,"52":0,"53":0,"54":0,"55":0,"56":0,"57":0,"58":0,"59":0,"60":0,"61":0,"62":0,"63":0,"64":0,"65":0,"66":0,"67":0,"68":0,"69":0,"70":0,"71":0,"72":0,"73":0,"74":0,"75":0,"76":0,"77":0,"78":0,"79":0,"80":0,"81":0,"82":0,"83":0,"84":0,"85":0,"86":0,"87":0,"88":2,"89":2},"f":{"0":0,"1":0,"2":0,"3":0,"4":0,"5":0,"6":0,"7":0,"8":0,"9":0,"10":0,"11":0,"12":0,"13":0,"14":0,"15":0,"16":0},"b":{"0":[0],"1":[0],"2":[0,0],"3":[0,0],"4":[0,0],"5":[0,0],"6":[0,0],"7":[0,0],"8":[0,0],"9":[0,0],"10":[0,0],"11":[0,0],"12":[0,0],"13":[0,0],"14":[0,0],"15":[0,0],"16":[0,0],"17":[0,0],"18":[0,0],"19":[0,0],"20":[2,0],"21":[2,2]}}
,"D:\\fatawa-backend\\src\\modules\\search\\search.service.ts": {"path":"D:\\fatawa-backend\\src\\modules\\search\\search.service.ts","statementMap":{"0":{"start":{"line":1,"column":0},"end":{"line":1,"column":60}},"1":{"start":{"line":2,"column":0},"end":{"line":2,"column":54}},"2":{"start":{"line":6,"column":0},"end":{"line":6,"column":55}},"3":{"start":{"line":9,"column":26},"end":{"line":119,"column":null}},"4":{"start":{"line":10,"column":28},"end":{"line":10,"column":58}},"5":{"start":{"line":13,"column":21},"end":{"line":13,"column":39}},"6":{"start":{"line":14,"column":35},"end":{"line":14,"column":54}},"7":{"start":{"line":18,"column":4},"end":{"line":18,"column":38}},"8":{"start":{"line":19,"column":46},"end":{"line":19,"column":54}},"9":{"start":{"line":20,"column":17},"end":{"line":20,"column":69}},"10":{"start":{"line":21,"column":18},"end":{"line":21,"column":91}},"11":{"start":{"line":23,"column":4},"end":{"line":23,"column":45}},"12":{"start":{"line":24,"column":22},"end":{"line":24,"column":32}},"13":{"start":{"line":25,"column":21},"end":{"line":25,"column":26}},"14":{"start":{"line":27,"column":21},"end":{"line":27,"column":55}},"15":{"start":{"line":29,"column":4},"end":{"line":81,"column":5}},"16":{"start":{"line":30,"column":6},"end":{"line":43,"column":7}},"17":{"start":{"line":31,"column":29},"end":{"line":31,"column":66}},"18":{"start":{"line":32,"column":8},"end":{"line":40,"column":9}},"19":{"start":{"line":33,"column":10},"end":{"line":33,"column":28}},"20":{"start":{"line":34,"column":30},"end":{"line":34,"column":52}},"21":{"start":{"line":35,"column":10},"end":{"line":35,"column":82}},"22":{"start":{"line":37,"column":10},"end":{"line":37,"column":132}},"23":{"start":{"line":37,"column":110},"end":{"line":37,"column":130}},"24":{"start":{"line":39,"column":10},"end":{"line":39,"column":37}},"25":{"start":{"line":42,"column":8},"end":{"line":42,"column":92}},"26":{"start":{"line":45,"column":21},"end":{"line":45,"column":117}},"27":{"start":{"line":47,"column":26},"end":{"line":47,"column":48}},"28":{"start":{"line":48,"column":25},"end":{"line":48,"column":56}},"29":{"start":{"line":50,"column":6},"end":{"line":50,"column":50}},"30":{"start":{"line":51,"column":23},"end":{"line":66,"column":8}},"31":{"start":{"line":68,"column":6},"end":{"line":69,"column":75}},"32":{"start":{"line":69,"column":20},"end":{"line":69,"column":73}},"33":{"start":{"line":71,"column":6},"end":{"line":72,"column":42}},"34":{"start":{"line":72,"column":20},"end":{"line":72,"column":40}},"35":{"start":{"line":74,"column":6},"end":{"line":74,"column":22}},"36":{"start":{"line":77,"column":6},"end":{"line":77,"column":57}},"37":{"start":{"line":78,"column":6},"end":{"line":78,"column":53}},"38":{"start":{"line":79,"column":6},"end":{"line":79,"column":49}},"39":{"start":{"line":80,"column":6},"end":{"line":80,"column":18}},"40":{"start":{"line":85,"column":4},"end":{"line":85,"column":55}},"41":{"start":{"line":85,"column":28},"end":{"line":85,"column":55}},"42":{"start":{"line":87,"column":21},"end":{"line":87,"column":40}},"43":{"start":{"line":88,"column":4},"end":{"line":91,"column":17}},"44":{"start":{"line":89,"column":21},"end":{"line":89,"column":58}},"45":{"start":{"line":90,"column":6},"end":{"line":90,"column":32}},"46":{"start":{"line":90,"column":18},"end":{"line":90,"column":32}},"47":{"start":{"line":93,"column":24},"end":{"line":93,"column":67}},"48":{"start":{"line":94,"column":19},"end":{"line":94,"column":34}},"49":{"start":{"line":96,"column":4},"end":{"line":98,"column":17}},"50":{"start":{"line":97,"column":6},"end":{"line":97,"column":60}},"51":{"start":{"line":100,"column":4},"end":{"line":100,"column":18}},"52":{"start":{"line":104,"column":21},"end":{"line":104,"column":40}},"53":{"start":{"line":105,"column":4},"end":{"line":108,"column":17}},"54":{"start":{"line":106,"column":21},"end":{"line":106,"column":58}},"55":{"start":{"line":107,"column":6},"end":{"line":107,"column":32}},"56":{"start":{"line":107,"column":18},"end":{"line":107,"column":32}},"57":{"start":{"line":110,"column":21},"end":{"line":110,"column":70}},"58":{"start":{"line":111,"column":19},"end":{"line":111,"column":31}},"59":{"start":{"line":113,"column":4},"end":{"line":115,"column":17}},"60":{"start":{"line":114,"column":6},"end":{"line":114,"column":60}},"61":{"start":{"line":117,"column":4},"end":{"line":117,"column":18}},"62":{"start":{"line":9,"column":13},"end":{"line":9,"column":26}},"63":{"start":{"line":9,"column":13},"end":{"line":119,"column":null}}},"fnMap":{"0":{"name":"(anonymous_4)","decl":{"start":{"line":12,"column":2},"end":{"line":12,"column":null}},"loc":{"start":{"line":14,"column":54},"end":{"line":15,"column":6}}},"1":{"name":"(anonymous_5)","decl":{"start":{"line":17,"column":2},"end":{"line":17,"column":7}},"loc":{"start":{"line":17,"column":39},"end":{"line":82,"column":3}}},"2":{"name":"(anonymous_6)","decl":{"start":{"line":37,"column":105},"end":{"line":37,"column":106}},"loc":{"start":{"line":37,"column":110},"end":{"line":37,"column":130}}},"3":{"name":"(anonymous_7)","decl":{"start":{"line":69,"column":15},"end":{"line":69,"column":16}},"loc":{"start":{"line":69,"column":20},"end":{"line":69,"column":73}}},"4":{"name":"(anonymous_8)","decl":{"start":{"line":72,"column":15},"end":{"line":72,"column":16}},"loc":{"start":{"line":72,"column":20},"end":{"line":72,"column":40}}},"5":{"name":"(anonymous_9)","decl":{"start":{"line":84,"column":2},"end":{"line":84,"column":7}},"loc":{"start":{"line":84,"column":30},"end":{"line":101,"column":3}}},"6":{"name":"(anonymous_10)","decl":{"start":{"line":103,"column":2},"end":{"line":103,"column":7}},"loc":{"start":{"line":103,"column":27},"end":{"line":118,"column":3}}}},"branchMap":{"0":{"loc":{"start":{"line":19,"column":31},"end":{"line":19,"column":41}},"type":"default-arg","locations":[{"start":{"line":19,"column":39},"end":{"line":19,"column":41}}]},"1":{"loc":{"start":{"line":20,"column":29},"end":{"line":20,"column":68}},"type":"binary-expr","locations":[{"start":{"line":20,"column":29},"end":{"line":20,"column":63}},{"start":{"line":20,"column":67},"end":{"line":20,"column":68}}]},"2":{"loc":{"start":{"line":21,"column":18},"end":{"line":21,"column":91}},"type":"binary-expr","locations":[{"start":{"line":21,"column":18},"end":{"line":21,"column":32}},{"start":{"line":21,"column":36},"end":{"line":21,"column":46}},{"start":{"line":21,"column":50},"end":{"line":21,"column":66}},{"start":{"line":21,"column":70},"end":{"line":21,"column":85}},{"start":{"line":21,"column":89},"end":{"line":21,"column":91}}]},"3":{"loc":{"start":{"line":32,"column":8},"end":{"line":40,"column":9}},"type":"if","locations":[{"start":{"line":32,"column":8},"end":{"line":40,"column":9}},{"start":{},"end":{}}]},"4":{"loc":{"start":{"line":37,"column":49},"end":{"line":37,"column":75}},"type":"binary-expr","locations":[{"start":{"line":37,"column":49},"end":{"line":37,"column":70}},{"start":{"line":37,"column":74},"end":{"line":37,"column":75}}]},"5":{"loc":{"start":{"line":59,"column":22},"end":{"line":59,"column":55}},"type":"cond-expr","locations":[{"start":{"line":59,"column":41},"end":{"line":59,"column":42}},{"start":{"line":59,"column":45},"end":{"line":59,"column":55}}]},"6":{"loc":{"start":{"line":85,"column":4},"end":{"line":85,"column":55}},"type":"if","locations":[{"start":{"line":85,"column":4},"end":{"line":85,"column":55}},{"start":{},"end":{}}]},"7":{"loc":{"start":{"line":85,"column":8},"end":{"line":85,"column":26}},"type":"binary-expr","locations":[{"start":{"line":85,"column":8},"end":{"line":85,"column":10}},{"start":{"line":85,"column":14},"end":{"line":85,"column":26}}]},"8":{"loc":{"start":{"line":90,"column":6},"end":{"line":90,"column":32}},"type":"if","locations":[{"start":{"line":90,"column":6},"end":{"line":90,"column":32}},{"start":{},"end":{}}]},"9":{"loc":{"start":{"line":107,"column":6},"end":{"line":107,"column":32}},"type":"if","locations":[{"start":{"line":107,"column":6},"end":{"line":107,"column":32}},{"start":{},"end":{}}]},"10":{"loc":{"start":{"line":13,"column":39},"end":{"line":13,"column":null}},"type":"cond-expr","locations":[{"start":{"line":13,"column":55},"end":{"line":13,"column":null}},{"start":{"line":13,"column":55},"end":{"line":13,"column":null}}]},"11":{"loc":{"start":{"line":13,"column":39},"end":{"line":13,"column":55}},"type":"binary-expr","locations":[{"start":{"line":13,"column":39},"end":{"line":13,"column":null}},{"start":{"line":13,"column":39},"end":{"line":13,"column":55}}]}},"s":{"0":0,"1":0,"2":0,"3":0,"4":0,"5":0,"6":0,"7":0,"8":0,"9":0,"10":0,"11":0,"12":0,"13":0,"14":0,"15":0,"16":0,"17":0,"18":0,"19":0,"20":0,"21":0,"22":0,"23":0,"24":0,"25":0,"26":0,"27":0,"28":0,"29":0,"30":0,"31":0,"32":0,"33":0,"34":0,"35":0,"36":0,"37":0,"38":0,"39":0,"40":0,"41":0,"42":0,"43":0,"44":0,"45":0,"46":0,"47":0,"48":0,"49":0,"50":0,"51":0,"52":0,"53":0,"54":0,"55":0,"56":0,"57":0,"58":0,"59":0,"60":0,"61":0,"62":0,"63":0},"f":{"0":0,"1":0,"2":0,"3":0,"4":0,"5":0,"6":0},"b":{"0":[0],"1":[0,0],"2":[0,0,0,0,0],"3":[0,0],"4":[0,0],"5":[0,0],"6":[0,0],"7":[0,0],"8":[0,0],"9":[0,0],"10":[0,0],"11":[0,0]}}
,"D:\\fatawa-backend\\src\\modules\\search\\dto\\search.dto.ts": {"path":"D:\\fatawa-backend\\src\\modules\\search\\dto\\search.dto.ts","statementMap":{"0":{"start":{"line":1,"column":0},"end":{"line":1,"column":54}},"1":{"start":{"line":2,"column":0},"end":{"line":2,"column":78}},"2":{"start":{"line":3,"column":0},"end":{"line":3,"column":41}},"3":{"start":{"line":41,"column":18},"end":{"line":41,"column":19}},"4":{"start":{"line":48,"column":19},"end":{"line":48,"column":21}},"5":{"start":{"line":5,"column":0},"end":{"line":5,"column":13}},"6":{"start":{"line":9,"column":2},"end":{"line":9,"column":null}},"7":{"start":{"line":14,"column":2},"end":{"line":14,"column":null}},"8":{"start":{"line":19,"column":2},"end":{"line":19,"column":null}},"9":{"start":{"line":24,"column":2},"end":{"line":24,"column":null}},"10":{"start":{"line":29,"column":2},"end":{"line":29,"column":null}},"11":{"start":{"line":34,"column":2},"end":{"line":34,"column":null}},"12":{"start":{"line":41,"column":2},"end":{"line":41,"column":null}},"13":{"start":{"line":38,"column":14},"end":{"line":38,"column":20}},"14":{"start":{"line":48,"column":2},"end":{"line":48,"column":null}},"15":{"start":{"line":45,"column":14},"end":{"line":45,"column":20}}},"fnMap":{"0":{"name":"(anonymous_2)","decl":{"start":{"line":38,"column":8},"end":{"line":38,"column":11}},"loc":{"start":{"line":38,"column":14},"end":{"line":38,"column":20}}},"1":{"name":"(anonymous_3)","decl":{"start":{"line":45,"column":8},"end":{"line":45,"column":11}},"loc":{"start":{"line":45,"column":14},"end":{"line":45,"column":20}}}},"branchMap":{},"s":{"0":0,"1":0,"2":0,"3":0,"4":0,"5":0,"6":0,"7":0,"8":0,"9":0,"10":0,"11":0,"12":0,"13":0,"14":0,"15":0},"f":{"0":0,"1":0},"b":{}}
,"D:\\fatawa-backend\\src\\modules\\system\\audit.service.ts": {"path":"D:\\fatawa-backend\\src\\modules\\system\\audit.service.ts","statementMap":{"0":{"start":{"line":1,"column":0},"end":{"line":1,"column":52}},"1":{"start":{"line":2,"column":0},"end":{"line":2,"column":57}},"2":{"start":{"line":5,"column":25},"end":{"line":24,"column":null}},"3":{"start":{"line":6,"column":28},"end":{"line":6,"column":57}},"4":{"start":{"line":8,"column":22},"end":{"line":8,"column":30}},"5":{"start":{"line":11,"column":4},"end":{"line":22,"column":5}},"6":{"start":{"line":12,"column":6},"end":{"line":19,"column":9}},"7":{"start":{"line":21,"column":6},"end":{"line":21,"column":72}},"8":{"start":{"line":5,"column":13},"end":{"line":5,"column":25}},"9":{"start":{"line":5,"column":13},"end":{"line":24,"column":null}}},"fnMap":{"0":{"name":"(anonymous_2)","decl":{"start":{"line":8,"column":2},"end":{"line":8,"column":22}},"loc":{"start":{"line":8,"column":43},"end":{"line":8,"column":47}}},"1":{"name":"(anonymous_3)","decl":{"start":{"line":10,"column":2},"end":{"line":10,"column":7}},"loc":{"start":{"line":10,"column":84},"end":{"line":23,"column":3}}}},"branchMap":{"0":{"loc":{"start":{"line":8,"column":30},"end":{"line":8,"column":46}},"type":"cond-expr","locations":[{"start":{"line":8,"column":43},"end":{"line":8,"column":46}},{"start":{"line":8,"column":43},"end":{"line":8,"column":46}}]},"1":{"loc":{"start":{"line":8,"column":30},"end":{"line":8,"column":43}},"type":"binary-expr","locations":[{"start":{"line":8,"column":30},"end":{"line":8,"column":46}},{"start":{"line":8,"column":30},"end":{"line":8,"column":43}}]}},"s":{"0":2,"1":2,"2":2,"3":0,"4":0,"5":0,"6":0,"7":0,"8":2,"9":2},"f":{"0":0,"1":0},"b":{"0":[2,0],"1":[2,2]}}
,"D:\\fatawa-backend\\src\\modules\\system\\system.controller.ts": {"path":"D:\\fatawa-backend\\src\\modules\\system\\system.controller.ts","statementMap":{"0":{"start":{"line":1,"column":0},"end":{"line":1,"column":49}},"1":{"start":{"line":2,"column":0},"end":{"line":2,"column":90}},"2":{"start":{"line":3,"column":0},"end":{"line":3,"column":57}},"3":{"start":{"line":4,"column":0},"end":{"line":4,"column":56}},"4":{"start":{"line":8,"column":7},"end":{"line":30,"column":null}},"5":{"start":{"line":10,"column":12},"end":{"line":10,"column":20}},"6":{"start":{"line":11,"column":12},"end":{"line":11,"column":26}},"7":{"start":{"line":12,"column":12},"end":{"line":12,"column":20}},"8":{"start":{"line":19,"column":4},"end":{"line":22,"column":7}},"9":{"start":{"line":20,"column":12},"end":{"line":20,"column":64}},"10":{"start":{"line":28,"column":4},"end":{"line":28,"column":68}},"11":{"start":{"line":8,"column":13},"end":{"line":8,"column":29}},"12":{"start":{"line":18,"column":2},"end":{"line":23,"column":null}},"13":{"start":{"line":27,"column":2},"end":{"line":29,"column":null}},"14":{"start":{"line":8,"column":13},"end":{"line":30,"column":null}}},"fnMap":{"0":{"name":"(anonymous_2)","decl":{"start":{"line":9,"column":2},"end":{"line":9,"column":null}},"loc":{"start":{"line":12,"column":33},"end":{"line":13,"column":6}}},"1":{"name":"(anonymous_3)","decl":{"start":{"line":18,"column":2},"end":{"line":18,"column":7}},"loc":{"start":{"line":18,"column":7},"end":{"line":23,"column":3}}},"2":{"name":"(anonymous_4)","decl":{"start":{"line":20,"column":6},"end":{"line":20,"column":9}},"loc":{"start":{"line":20,"column":12},"end":{"line":20,"column":64}}},"3":{"name":"(anonymous_5)","decl":{"start":{"line":27,"column":2},"end":{"line":27,"column":7}},"loc":{"start":{"line":27,"column":7},"end":{"line":29,"column":3}}}},"branchMap":{"0":{"loc":{"start":{"line":10,"column":20},"end":{"line":10,"column":null}},"type":"cond-expr","locations":[{"start":{"line":10,"column":38},"end":{"line":10,"column":null}},{"start":{"line":10,"column":38},"end":{"line":10,"column":null}}]},"1":{"loc":{"start":{"line":10,"column":20},"end":{"line":10,"column":38}},"type":"binary-expr","locations":[{"start":{"line":10,"column":20},"end":{"line":10,"column":null}},{"start":{"line":10,"column":20},"end":{"line":10,"column":38}}]},"2":{"loc":{"start":{"line":10,"column":38},"end":{"line":11,"column":null}},"type":"cond-expr","locations":[{"start":{"line":11,"column":47},"end":{"line":11,"column":null}},{"start":{"line":11,"column":47},"end":{"line":11,"column":null}}]},"3":{"loc":{"start":{"line":10,"column":38},"end":{"line":11,"column":47}},"type":"binary-expr","locations":[{"start":{"line":10,"column":38},"end":{"line":11,"column":null}},{"start":{"line":11,"column":26},"end":{"line":11,"column":47}}]},"4":{"loc":{"start":{"line":11,"column":47},"end":{"line":12,"column":null}},"type":"cond-expr","locations":[{"start":{"line":12,"column":33},"end":{"line":12,"column":null}},{"start":{"line":12,"column":33},"end":{"line":12,"column":null}}]},"5":{"loc":{"start":{"line":11,"column":47},"end":{"line":12,"column":33}},"type":"binary-expr","locations":[{"start":{"line":11,"column":47},"end":{"line":12,"column":null}},{"start":{"line":12,"column":20},"end":{"line":12,"column":33}}]}},"s":{"0":0,"1":0,"2":0,"3":0,"4":0,"5":0,"6":0,"7":0,"8":0,"9":0,"10":0,"11":0,"12":0,"13":0,"14":0},"f":{"0":0,"1":0,"2":0,"3":0},"b":{"0":[0,0],"1":[0,0],"2":[0,0],"3":[0,0],"4":[0,0],"5":[0,0]}}
,"D:\\fatawa-backend\\src\\modules\\system\\system.module.ts": {"path":"D:\\fatawa-backend\\src\\modules\\system\\system.module.ts","statementMap":{"0":{"start":{"line":1,"column":0},"end":{"line":1,"column":48}},"1":{"start":{"line":2,"column":0},"end":{"line":2,"column":50}},"2":{"start":{"line":3,"column":0},"end":{"line":3,"column":55}},"3":{"start":{"line":4,"column":0},"end":{"line":4,"column":47}},"4":{"start":{"line":13,"column":7},"end":{"line":13,"column":null}},"5":{"start":{"line":13,"column":13},"end":{"line":13,"column":25}},"6":{"start":{"line":13,"column":13},"end":{"line":13,"column":null}}},"fnMap":{},"branchMap":{},"s":{"0":0,"1":0,"2":0,"3":0,"4":0,"5":0,"6":0},"f":{},"b":{}}
}
